#
#model:
#
#<?xml version="1.0" encoding="UTF-8" standalone="no"?><input id="posterior" spec="beast.base.inference.CompoundDistribution">
#    <distribution id="prior" spec="beast.base.inference.CompoundDistribution">
#        <distribution id="YuleModel.t:Mito_align_cleaned_outgroups" spec="beast.base.evolution.speciation.YuleModel">
#            <parameter id="birthRate.t:Mito_align_cleaned_outgroups" lower="0.0" name="birthDiffRate" spec="beast.base.inference.parameter.RealParameter">1.0</parameter>
#            <tree id="Tree.t:Mito_align_cleaned_outgroups" spec="beast.base.evolution.tree.Tree">
#                <taxonset id="TaxonSet.Mito_align_cleaned_outgroups" spec="beast.base.evolution.alignment.TaxonSet">
#                </taxonset>
#            </tree>
#        </distribution>
#        <distribution id="BMT_PropInvariablePrior.s:Mito_align_cleaned_outgroups" spec="bmodeltest.math.distributions.BMTPrior">
#            <count id="hasInvariableSites.s:Mito_align_cleaned_outgroups" spec="beast.base.inference.parameter.IntegerParameter">1</count>
#            <parameter id="BMT_ProportionInvariable.s:Mito_align_cleaned_outgroups" lower="0.0" name="x" spec="beast.base.inference.parameter.RealParameter" upper="1.0">0.1</parameter>
#            <Beta id="Beta.1" name="distr">
#                <alpha id="Function$Constant.5" spec="beast.base.core.Function$Constant" value="1.0"/>
#                <beta id="Function$Constant.6" spec="beast.base.core.Function$Constant" value="4.0"/>
#            </Beta>
#        </distribution>
#        <distribution id="BMT_RatesPrior.s:Mito_align_cleaned_outgroups" spec="bmodeltest.math.distributions.NucleotideRevJumpSubstModelRatePrior">
#            <modelIndicator id="BMT_ModelIndicator.s:Mito_align_cleaned_outgroups" lower="0" spec="beast.base.inference.parameter.IntegerParameter" upper="5">5</modelIndicator>
#            <substModel id="RevJump.s:Mito_align_cleaned_outgroups" modelIndicator="@BMT_ModelIndicator.s:Mito_align_cleaned_outgroups" spec="bmodeltest.evolution.substitutionmodel.NucleotideRevJumpSubstModel">
#                <parameter dimension="6" id="BMT_Rates.s:Mito_align_cleaned_outgroups" lower="0.01" name="rates" spec="beast.base.inference.parameter.RealParameter" upper="100.0">1.0</parameter>
#                <frequencies empirical="false" id="BMTfreqs.s:Mito_align_cleaned_outgroups" spec="bmodeltest.evolution.substitutionmodel.ModelFrequencies">
#                    <hasEqualFreqs id="hasEqualFreqs.s:Mito_align_cleaned_outgroups" spec="beast.base.inference.parameter.BooleanParameter">false</hasEqualFreqs>
#                    <parameter dimension="4" id="BMT_frequencies.s:Mito_align_cleaned_outgroups" name="frequencies" spec="beast.base.inference.parameter.RealParameter">0.25 0.25 0.25 0.25</parameter>
#                </frequencies>
#            </substModel>
#            <parameter idref="BMT_Rates.s:Mito_align_cleaned_outgroups" name="x"/>
#            <Exponential id="BMT_RatesPrior.s:Mito_align_cleaned_outgroupsx" name="distr"/>
#        </distribution>
#        <prior id="BMT_freqsPrior.s:Mito_align_cleaned_outgroups" name="distribution" x="@BMT_frequencies.s:Mito_align_cleaned_outgroups">
#            <distr id="Dirichlet.1" spec="beast.base.inference.distribution.Dirichlet">
#                <alpha id="Function$Constant.7" spec="beast.base.core.Function$Constant" value="1.0 1.0 1.0 1.0"/>
#            </distr>
#        </prior>
#        <distribution id="BMT_GammaShapePrior.s:Mito_align_cleaned_outgroups" spec="bmodeltest.math.distributions.BMTPrior">
#            <count id="hasGammaRates.s:Mito_align_cleaned_outgroups" spec="beast.base.inference.parameter.IntegerParameter">1</count>
#            <parameter id="BMT_gammaShape.s:Mito_align_cleaned_outgroups" name="x" spec="beast.base.inference.parameter.RealParameter">1.0</parameter>
#            <Exponential id="Exponential.3" name="distr">
#                <parameter estimate="false" id="RealParameter.7" lower="0.0" name="mean" spec="beast.base.inference.parameter.RealParameter" upper="0.0">1.0</parameter>
#            </Exponential>
#        </distribution>
#        <prior id="YuleBirthRatePrior.t:Mito_align_cleaned_outgroups" name="distribution" x="@birthRate.t:Mito_align_cleaned_outgroups">
#            <Uniform id="Uniform.6" name="distr" upper="100.0"/>
#        </prior>
#    </distribution>
#    <distribution id="likelihood" spec="beast.base.inference.CompoundDistribution" useThreads="true">
#        <distribution data="@Mito_align_cleaned_outgroups" id="treeLikelihood.Mito_align_cleaned_outgroups" spec="beast.base.evolution.likelihood.ThreadedTreeLikelihood" tree="@Tree.t:Mito_align_cleaned_outgroups">
#            <siteModel gammaCategoryCount="4" hasGammaRates="@hasGammaRates.s:Mito_align_cleaned_outgroups" hasInvariantSites="@hasInvariableSites.s:Mito_align_cleaned_outgroups" id="BEASTModelTest.s:Mito_align_cleaned_outgroups" proportionInvariant="@BMT_ProportionInvariable.s:Mito_align_cleaned_outgroups" shape="@BMT_gammaShape.s:Mito_align_cleaned_outgroups" spec="bmodeltest.evolution.sitemodel.BEASTModelTestSiteModel" substModel="@RevJump.s:Mito_align_cleaned_outgroups">
#                <parameter id="BMT_mutationRate.s:Mito_align_cleaned_outgroups" name="mutationRate" spec="beast.base.inference.parameter.RealParameter">1.0</parameter>
#            </siteModel>
#            <branchRateModel id="StrictClock.c:Mito_align_cleaned_outgroups" spec="beast.base.evolution.branchratemodel.StrictClockModel">
#                <parameter estimate="false" id="clockRate.c:Mito_align_cleaned_outgroups" lower="6.201923077E-10" name="clock.rate" spec="beast.base.inference.parameter.RealParameter" upper="9.182692308E-10">7.692307692E-10</parameter>
#            </branchRateModel>
#        </distribution>
#    </distribution>
#</input>
#
Sample	posterior	likelihood	prior	treeLikelihood	Tree.height	Tree.treeLength	rateAC	rateAG	rateAT	rateCG	rateCT	rateGT	substmodel	BMT_ModelIndicator	BMT_gammaShape	BMT_ProportionInvariable	hasGammaRates	hasInvariableSites	ActivePropInvariable	ActiveGammaShape	hasEqualFreqs	BMT_frequencies.1	BMT_frequencies.2	BMT_frequencies.3	BMT_frequencies.4	BMT_mutationRate	YuleModel	birthRate
0	-1033189.1283443297	-1033172.3922547293	-16.736089600391068	-1033172.3922547293	1.249197823946607	10.53080961325856	1.0	1.0	1.0	1.0	1.0	1.0	121321	5	1.0	0.1	1	1	0.1	1.0	0	0.25	0.25	0.25	0.25	1.0	-10.530809613258562	1.0
500000	-49943.7689750314	-47369.128030580694	-2574.6409444507044	-47369.128030580694	2.042151996712593E8	9.655909108743836E8	0.1352313654156315	3.89431334996856	0.3325053319663602	0.09541796029745134	1.2100266603856347	0.3325053319663602	123453	28	1.2871052456452334	0.49407560157040215	1	1	0.49407560157040215	1.2871052456452334	0	0.19725671382337967	0.058021544827064446	0.18294685272377198	0.5617748886257844	1.0	-2565.23416016999	1.7770619975703726E-7
1000000	-49952.362229256665	-47379.77163571487	-2572.590593541801	-47379.77163571487	2.0151242313507468E8	9.472914549566499E8	0.12090915069712042	3.88692280205637	0.36273491242677486	0.12090915069712042	1.1457890716958359	0.36273491242677486	123143	15	0.9754295289846721	0.4498986577823285	1	1	0.4498986577823285	0.9754295289846721	0	0.2004285988992998	0.05995074999111883	0.18735312256456504	0.5522675285450173	1.0	-2563.8538178601193	1.936497318892456E-7
1500000	-49938.399098852555	-47367.12397924152	-2571.2751196110326	-47367.12397924152	2.0510780984899363E8	9.542774195972698E8	0.13885387945128252	3.8526389822640357	0.35253398066793984	0.13885387945128252	1.164585297497517	0.35253398066793984	123143	15	0.9423235405966512	0.45968234824601384	1	1	0.45968234824601384	0.9423235405966512	0	0.19890878524829855	0.05846508688463901	0.18290758606873522	0.5597185417983278	1.0	-2562.5133724949505	1.6450142966687626E-7
2000000	-49935.31326279709	-47365.307067145346	-2570.006195651742	-47365.307067145346	2.0030938424893466E8	9.426712344038144E8	0.13203367946699468	3.9389830937547132	0.3667203578131305	0.13203367946699468	1.0635088316850347	0.3667203578131305	123143	15	1.1741782406559766	0.4854057393246932	1	1	0.4854057393246932	1.1741782406559766	0	0.19512830322798347	0.06283878019946232	0.18286279463098973	0.5591701219415647	1.0	-2560.8705241798853	1.7323292086589343E-7
2500000	-49959.299270677715	-47394.07876220999	-2565.2205084677225	-47394.07876220999	1.9285838856214374E8	9.113637317290139E8	0.1454997776433875	3.6979331721416866	0.3605632681974624	0.1454997776433875	1.28994073617661	0.3605632681974624	123143	15	1.2438976785509483	0.5057001737467851	1	1	0.5057001737467851	1.2438976785509483	0	0.1979879605634532	0.05918098458406624	0.18625078570172188	0.5565802691507593	1.0	-2555.8749453434098	1.826128805785215E-7
3000000	-49940.97126577516	-47371.11333221972	-2569.8579335554396	-47371.11333221972	1.9961693467520157E8	9.481384397463834E8	0.15012892720910692	3.807087534587398	0.34916733876012307	0.15012892720910692	1.19431993347414	0.34916733876012307	123143	15	0.7433868659356891	0.41561662222828955	1	1	0.41561662222828955	0.7433868659356891	0	0.20049643051549376	0.06016935408586519	0.18622538241958275	0.5531088329790594	1.0	-2561.5251800096335	1.6586938412043388E-7
3500000	-49930.68513478055	-47360.36072721257	-2570.324407567984	-47360.36072721257	2.0085270640813577E8	9.47912857134466E8	0.13289228949165252	3.7977167756437864	0.3596610783882352	0.13289228949165252	1.217176488596432	0.3596610783882352	123143	15	0.9842686467522525	0.4692710129712324	1	1	0.4692710129712324	0.9842686467522525	0	0.20211109550797562	0.05887034593186007	0.18728509432770254	0.5517334642324628	1.0	-2561.4624978467964	1.6079791239674643E-7
4000000	-49928.75221639768	-47355.57220326236	-2573.1800131353198	-47355.57220326236	2.0566580220969278E8	9.635944534985601E8	0.15137726568519175	3.8247614404297585	0.3434620525349083	0.15137726568519175	1.1843182589645151	0.3447037167004274	123145	16	0.9015078067381828	0.4732031763018405	1	1	0.4732031763018405	0.9015078067381828	0	0.19819392710402656	0.05901486153266951	0.19179529788237035	0.5509959134809341	1.0	-2564.035988537375	1.5559239330872435E-7
4500000	-49956.754891102806	-47390.508678669146	-2566.2462124336603	-47390.508678669146	1.9799844528842363E8	9.21067769121079E8	0.1361690595709803	3.818237940426448	0.38367866634498077	0.1361690595709803	1.1420666077416246	0.38367866634498077	123143	15	1.179096632568194	0.4894569860645806	1	1	0.4894569860645806	1.179096632568194	0	0.197895874107044	0.061937504451184566	0.18620436330336823	0.5539622581384038	1.0	-2557.0689422191795	1.6347018334110607E-7
5000000	-49949.09675180464	-47381.59118825274	-2567.5055635518934	-47381.59118825274	1.9630357666877884E8	9.268129931180359E8	0.15377048597570672	3.7637973319555855	0.35951458715020745	0.15377048597570672	1.2096325217925792	0.35951458715020745	123143	15	1.0826273165113176	0.469950118805495	1	1	0.469950118805495	1.0826273165113176	0	0.1987393385000417	0.05879760782516774	0.191308559916434	0.551154493758357	1.0	-2558.53459610321	1.525479874863087E-7
5500000	-49954.776862190294	-47386.29583741306	-2568.481024777232	-47386.29583741306	2.0031833909304905E8	9.38304135253702E8	0.1573565728653688	3.7944703844529246	0.3636980585790527	0.1573565728653688	1.1634203526582256	0.3636980585790527	123143	15	0.7418618789044878	0.4122443363335839	1	1	0.4122443363335839	0.7418618789044878	0	0.19797228891873556	0.06171934555259632	0.18844998037003027	0.5518583851586382	1.0	-2560.1615276466446	1.7415261242048513E-7
6000000	-49941.977881528575	-47376.55071759664	-2565.4271639319313	-47376.55071759664	1.89008192426148E8	9.139523191571357E8	0.12492560483472585	3.8622804986548624	0.35793234049144823	0.12492560483472585	1.1720036106927778	0.35793234049144823	123143	15	1.1904183412807416	0.4990347055896258	1	1	0.4990347055896258	1.1904183412807416	0	0.19723029849584855	0.059578727941973636	0.1841316984043445	0.5590592751578343	1.0	-2556.1930134548365	1.802376510042401E-7
6500000	-49956.310604278144	-47382.32811309075	-2573.982491187391	-47382.32811309075	2.059243815355184E8	9.598857770208932E8	0.1162982061445747	3.857203713069573	0.3522977942168735	0.1162982061445747	1.2056042862075247	0.3522977942168735	123143	15	0.8661366637453107	0.45281932899142874	1	1	0.45281932899142874	0.8661366637453107	0	0.19571600221761964	0.059313025409079866	0.1912153659854471	0.5537556063878547	1.0	-2565.3399187447644	1.362252275986468E-7
7000000	-49953.853457313715	-47379.010156016404	-2574.8433012973087	-47379.010156016404	2.093912765707751E8	9.76098909550657E8	0.14483535977565637	3.942328104491255	0.35906428168994703	0.14483535977565637	1.0498726125775333	0.35906428168994703	123143	15	0.9653551742371349	0.45872506498872934	1	1	0.45872506498872934	0.9653551742371349	0	0.19351065860836242	0.06341465651414598	0.1837550776521789	0.5593196072253138	1.0	-2566.0670034931168	1.6353188258015558E-7
7500000	-49936.61195393867	-47362.95401911904	-2573.6579348196296	-47362.95401911904	2.0685876438705865E8	9.628995204168404E8	0.14469649031730816	3.842279110269638	0.35951331495482886	0.14469649031730816	1.1493012791860873	0.35951331495482886	123143	15	1.0260021546050642	0.4658831520770996	1	1	0.4658831520770996	1.0260021546050642	0	0.19389694271182856	0.06019699868011825	0.18923871269764356	0.5566673459104114	1.0	-2564.774339065673	1.4322227003631448E-7
8000000	-49943.31605949919	-47368.39754694047	-2574.9185125587233	-47368.39754694047	2.0474302660059258E8	9.721180238410031E8	0.11184844355218795	3.8649266718214763	0.3453179845592725	0.18120768776371363	1.1513812277440794	0.3453179845592725	123453	28	1.2953046401265476	0.5108525455397608	1	1	0.5108525455397608	1.2953046401265476	0	0.19748059445969537	0.06083639822937636	0.18900823136855016	0.5526747759423792	1.0	-2565.359595376026	1.5574360663450748E-7
8500000	-49932.786264468654	-47359.408097065854	-2573.3781674027987	-47359.408097065854	2.0873229435250485E8	9.658139762234429E8	0.12151723645990332	3.861378394419742	0.34842147589213635	0.12151723645990332	1.1987441808761694	0.34842147589213635	123143	15	1.082777074754131	0.48528761858949465	1	1	0.48528761858949465	1.082777074754131	0	0.19472202452333776	0.06054408518366717	0.1874436211934143	0.5572902690995819	1.0	-2564.3355019041674	1.5949203855547657E-7
9000000	-49957.283635823835	-47382.22408178168	-2575.0595540421573	-47382.22408178168	2.0639500321677336E8	9.739936030098705E8	0.12344538446884487	3.906692923159909	0.3510668784808965	0.12344538446884487	1.1442825509405947	0.3510668784808965	123143	15	0.8823733095069108	0.45501747914317076	1	1	0.45501747914317076	0.8823733095069108	0	0.19800315382258804	0.059121832883522914	0.18163227976755192	0.5612427335263389	1.0	-2566.3912648378077	1.743115553857187E-7
9500000	-49953.550236334966	-47377.4448415824	-2576.1053947525634	-47377.4448415824	2.1066657427127987E8	9.841838609297398E8	0.12110207699185795	4.087444793528386	0.3390548315991976	0.12110207699185795	0.9922413892894876	0.3390548315991976	123143	15	0.9990090869212174	0.4716591920691253	1	1	0.4716591920691253	0.9990090869212174	0	0.19403482638419445	0.062398799820313794	0.1804576359747289	0.5631087378207644	1.0	-2567.2425239785944	1.5779353905724295E-7
10000000	-49960.99781404236	-47386.77980465159	-2574.218009390772	-47386.77980465159	2.0837348131815618E8	9.728181093250296E8	0.13793814236524019	3.9572493588018456	0.3473486303976975	0.11267326126347285	1.0974419767740287	0.3473486303976975	123453	28	0.779598299036928	0.404078457309986	1	1	0.404078457309986	0.779598299036928	0	0.19116430566113157	0.05919264297077629	0.18818019777879247	0.561462853589301	1.0	-2565.799310548186	1.478537210108784E-7
10500000	-49941.66310736496	-47376.29812342553	-2565.3649839394384	-47376.29812342553	1.891828608922425E8	9.162645069199928E8	0.1696368659987959	3.81693067258879	0.35912602490892254	0.0990297041802512	1.196150707414292	0.35912602490892254	123453	28	1.0966767414025653	0.46353513467657215	1	1	0.46353513467657215	1.0966767414025653	0	0.19508225700912252	0.059001827415713096	0.18900202160359614	0.5569138939715705	1.0	-2556.2899084756527	1.7300442262299557E-7
11000000	-49944.38572357006	-47365.54508526333	-2578.840638306735	-47365.54508526333	2.1114809260154846E8	1.0008567931993334E9	0.16387472285685725	3.792118445523071	0.32702962005908565	0.16387472285685725	1.2260728686450189	0.32702962005908565	123143	15	0.9389377649247995	0.47089120408075696	1	1	0.47089120408075696	0.9389377649247995	0	0.19902558698056896	0.05866894693309556	0.18972442168717574	0.5525810443991614	1.0	-2570.0147717794957	1.463383936181296E-7
11500000	-49953.88189396971	-47378.6803070697	-2575.2015869000084	-47378.6803070697	2.090218692258728E8	9.759693513956895E8	0.12133501307701333	3.929634522534086	0.3579788269621964	0.12133501307701333	1.1117377973874725	0.3579788269621964	123143	15	0.9232937961488176	0.44669856488252546	1	1	0.44669856488252546	0.9232937961488176	0	0.1998537350798874	0.06262552042504795	0.18145902585650509	0.5560617186385618	1.0	-2566.538407672742	1.7203580275304698E-7
12000000	-49951.1676740496	-47376.45113590134	-2574.716538148253	-47376.45113590134	2.0504489986406997E8	9.755765191015943E8	0.1131484342485788	3.952346281840389	0.35281235897012203	0.1131484342485788	1.1157321317221849	0.35281235897012203	123143	15	0.8728133456367904	0.4541695330663687	1	1	0.4541695330663687	0.8728133456367904	0	0.1990466493283857	0.06094564605071043	0.18777755743908225	0.5522301471818243	1.0	-2566.0677375947766	1.5027606829724318E-7
12500000	-49941.260022090646	-47371.23528201897	-2570.024740071679	-47371.23528201897	1.9938520565482697E8	9.431163973657305E8	0.12858208854403996	3.703270940468591	0.3465902662015312	0.12858208854403996	1.3463843500402546	0.3465902662015312	123143	15	0.9784222482673526	0.47373352399752205	1	1	0.47373352399752205	0.9784222482673526	0	0.1980545186148679	0.05608594801537795	0.1900569959189621	0.5558025374507942	1.0	-2561.138829496754	1.763183991785924E-7
13000000	-49957.73349293115	-47377.57813676639	-2580.155356164756	-47377.57813676639	2.168087117206749E8	1.0098782403539047E9	0.1557491796267312	3.8430756886207775	0.34072790435856465	0.1557491796267312	1.1639701434086227	0.34072790435856465	123143	15	0.9694215265979541	0.4713925597335043	1	1	0.4713925597335043	0.9694215265979541	0	0.2010016506248282	0.0591638615791068	0.18099960434205808	0.5588348834540092	1.0	-2571.298968205764	1.4725670331633646E-7
13500000	-49945.288256556036	-47377.14815638144	-2568.140100174601	-47377.14815638144	1.946441479305532E8	9.300627220904195E8	0.13500265384365723	3.8318613611530172	0.3593485600078918	0.13500265384365723	1.1794362111438785	0.3593485600078918	123143	15	0.8991889488706777	0.45211695634049487	1	1	0.45211695634049487	0.8991889488706777	0	0.1908945726012999	0.062035517080451824	0.1878274429319553	0.5592424673862952	1.0	-2559.460994777822	1.8449476774001202E-7
14000000	-49945.12939062245	-47374.14943812246	-2570.979952499993	-47374.14943812246	2.0080748490015826E8	9.5366033873793E8	0.13579671253559994	3.8522591237755224	0.351343094019371	0.13579671253559994	1.1734612631145258	0.351343094019371	123143	15	0.8509175523559939	0.4457648365525917	1	1	0.4457648365525917	0.8509175523559939	0	0.19788065595061952	0.058377733530554005	0.18626092894090684	0.5574806815779215	1.0	-2562.386783441665	1.6219510281833142E-7
14500000	-49950.27239459587	-47382.74867738352	-2567.523717212356	-47382.74867738352	1.9648158281724614E8	9.274544161895097E8	0.1357026995611092	3.7920805812438902	0.35640591659768284	0.1357026995611092	1.223702186438518	0.35640591659768284	123143	15	0.8177555207644289	0.4549021074918988	1	1	0.4549021074918988	0.8177555207644289	0	0.19695678541365394	0.06091531133481887	0.19076304284088424	0.5513648604106453	1.0	-2558.9081027576235	1.4955491932954197E-7
15000000	-49936.43755536153	-47363.8397404849	-2572.597814876633	-47363.8397404849	2.042084868737646E8	9.559130560149618E8	0.13665566889537265	3.959243168249436	0.3476891493041991	0.13665566889537265	1.0720671953514238	0.3476891493041991	123143	15	1.1869966377950083	0.507744543957897	1	1	0.507744543957897	1.1869966377950083	0	0.1984431623510501	0.06406455199535382	0.18600957711835167	0.5514827085352462	1.0	-2563.321012950082	1.7539438226653662E-7
15500000	-49929.088287449384	-47354.76092334453	-2574.32736410485	-47354.76092334453	2.110623863925646E8	9.683325198639394E8	0.13664461483900436	3.8953433941839886	0.35061084434400636	0.13664461483900436	1.1301456874499909	0.35061084434400636	123143	15	1.093212357011122	0.48158384217570277	1	1	0.48158384217570277	1.093212357011122	0	0.19539040440533118	0.05885902541620043	0.1859990349474341	0.559751535231036	1.0	-2565.2946465419436	1.458782594882274E-7
16000000	-49990.10939991748	-47410.839676951786	-2579.269722965692	-47410.839676951786	2.0926784592522928E8	9.86804946267527E8	0.15467721769810192	3.8555063648885075	0.34937148885610714	0.15467721769810192	1.1509612466258023	0.3348064642333798	123145	16	0.7694701486882082	0.41355754970753994	1	1	0.41355754970753994	0.7694701486882082	0	0.1986520718716669	0.05930263544904518	0.1825233578434395	0.55952193483585	1.0	-2570.583543213286	1.2753217126833958E-7
16500000	-49957.70421520415	-47385.20440433332	-2572.4998108708232	-47385.20440433332	2.0680115067819405E8	9.579502114856778E8	0.14945140709823443	3.8536918060516405	0.3506215713857233	0.14945140709823443	1.1461622369804463	0.3506215713857233	123143	15	0.8715293758038914	0.4494908161921924	1	1	0.4494908161921924	0.8715293758038914	0	0.19413735165119095	0.06113676160042241	0.18749084441600072	0.5572350423323881	1.0	-2563.863111928287	1.7756060461548326E-7
17000000	-49938.88843577752	-47370.70090860047	-2568.1875271770505	-47370.70090860047	1.979907164220882E8	9.359283425834067E8	0.11194523254088487	3.8093580188390606	0.37136578056596636	0.11194523254088487	1.2240199549472397	0.37136578056596636	123143	15	0.9008370484291708	0.45388681671271913	1	1	0.45388681671271913	0.9008370484291708	0	0.19727793755768097	0.06139099454514067	0.18303314374211335	0.5582979241550673	1.0	-2559.497563296617	1.6550877139168155E-7
17500000	-49952.206538040366	-47382.575894139314	-2569.6306439010546	-47382.575894139314	1.961849147216311E8	9.332809601971694E8	0.12053515770664529	3.8149461142465513	0.34783096687871284	0.12053515770664529	1.2483216365827372	0.34783096687871284	123143	15	1.268694427118521	0.49781971101414174	1	1	0.49781971101414174	1.268694427118521	0	0.19309545907823591	0.05792358053212846	0.18715598073012557	0.5618249796595133	1.0	-2560.3246387979307	1.8708084586618584E-7
18000000	-49939.86552401356	-47371.30212022112	-2568.5634037924447	-47371.30212022112	2.000590300100609E8	9.372037476569775E8	0.14333759994965206	3.695619659024322	0.34514124184002154	0.14333759994965206	1.3274226573963348	0.34514124184002154	123143	15	0.9076407779253721	0.4645294792843729	1	1	0.4645294792843729	0.9076407779253721	0	0.19444161156134915	0.05861235492702604	0.19131671536747297	0.5556293181441553	1.0	-2559.797200330155	1.5868695603193454E-7
18500000	-49944.32016434744	-47372.492773015314	-2571.8273913321223	-47372.492773015314	2.005599680843721E8	9.546455026565169E8	0.14496579860871492	3.7947144592575173	0.3686970001185912	0.14496579860871492	1.1779599432878727	0.3686970001185912	123143	15	1.2081562613906227	0.4937874637479205	1	1	0.4937874637479205	1.2081562613906227	0	0.19918747378434734	0.06075167666364817	0.18669638365468455	0.5533644658973235	1.0	-2562.595125817902	1.5720714967583083E-7
19000000	-49929.74040251026	-47357.365765600065	-2572.3746369101937	-47357.365765600065	2.037818213034236E8	9.600435352148545E8	0.12552465083226363	3.8626815716191283	0.3566824705821748	0.12552465083226363	1.172904185551996	0.3566824705821748	123143	15	0.9694910366532303	0.46945381321924595	1	1	0.46945381321924595	0.9694910366532303	0	0.1973614909747623	0.06158517827135244	0.1859237047474727	0.5551296260064159	1.0	-2563.533693217936	1.6685410243620407E-7
19500000	-49920.72580795162	-47352.06364641183	-2568.662161539787	-47352.06364641183	1.9704279700886032E8	9.340176209843684E8	0.1415955230268056	3.8576375306309316	0.34348276853638976	0.11078278390126056	1.2030186253682318	0.34348276853638976	123453	28	1.050596890741746	0.48994506607788346	1	1	0.48994506607788346	1.050596890741746	0	0.19575331201029691	0.05739367429401629	0.18412748076265767	0.5627255329330334	1.0	-2559.497972687771	1.7569911425641133E-7
20000000	-49952.587055862125	-47375.56092471727	-2577.0261311448558	-47375.56092471727	2.1161426518380362E8	9.937215870109305E8	0.1498499834187365	3.851465318121935	0.3243148811364757	0.1498499834187365	1.2002049527676486	0.3243148811364757	123143	15	0.7070454097460422	0.4100672662740175	1	1	0.4100672662740175	0.7070454097460422	0	0.19758809496036067	0.05995801887726393	0.18589696726716767	0.5565569188952116	1.0	-2568.7667376552913	1.5872517904764767E-7
20500000	-49967.52020970648	-47384.905829742595	-2582.6143799638908	-47384.905829742595	2.199350382809164E8	1.0235151021767753E9	0.1540799151922959	3.791034423219309	0.3333554587666188	0.1540799151922959	1.2340948288628644	0.3333554587666188	123143	15	1.1473648377007128	0.5198302071476208	1	1	0.5198302071476208	1.1473648377007128	0	0.19140412127933865	0.05907176246847752	0.18813825609314896	0.5613858601590392	1.0	-2573.2895272059627	1.4818037259206144E-7
21000000	-49948.48341962867	-47380.05060931573	-2568.4328103129355	-47380.05060931573	1.9850262186157897E8	9.342971115446922E8	0.11406703445023275	3.891824650207684	0.3581214823741275	0.12936822101939577	1.1484971295744433	0.3581214823741275	123453	28	1.1620610203619124	0.47576200908382066	1	1	0.47576200908382066	1.1620610203619124	0	0.19414886399612746	0.059637919116300106	0.1889715130119162	0.5572417038756607	1.0	-2559.244413658942	1.673724326243023E-7
21500000	-49948.58093517615	-47375.74969885882	-2572.8312363173313	-47375.74969885882	1.935341360177021E8	9.254576276389538E8	0.171370485208905	3.808587933493974	0.3439477330263976	0.171370485208905	1.1607756300354273	0.3439477330263976	123143	15	1.2274005489270694	0.5001862932348276	1	1	0.5001862932348276	1.2274005489270694	0	0.1968988432584889	0.060550765028244094	0.18686907977391795	0.5556813119393538	1.0	-2563.5422365731	1.2487820079125427E-7
22000000	-49939.42645420156	-47367.86810115365	-2571.558353047915	-47367.86810115365	2.0286627278899074E8	9.562999212252426E8	0.12259904973029943	3.8830676208768984	0.3528038944350453	0.12259904973029943	1.1661264907924223	0.3528038944350453	123143	15	0.9009560750303978	0.4560607081353793	1	1	0.4560607081353793	0.9009560750303978	0	0.19617417560669675	0.05952653300767781	0.18579345483593918	0.5585058365496908	1.0	-2562.863751104187	1.5685707612393635E-7
22500000	-49952.59674700805	-47373.41403383892	-2579.1827131691293	-47373.41403383892	2.105063935905448E8	1.0010348517120059E9	0.14003314491153498	3.877416769602408	0.3534337424996294	0.14003314491153498	1.1356494555752752	0.3534337424996294	123143	15	0.9260754003086967	0.4631725358571793	1	1	0.4631725358571793	0.9260754003086967	0	0.19797594833508247	0.06052728519603207	0.186569402041848	0.5549273644270419	1.0	-2570.419147548706	1.674300968760144E-7
23000000	-49944.50787002993	-47370.15073856184	-2574.3571314680867	-47370.15073856184	2.0372471849040326E8	9.694507275163283E8	0.1262929040335313	3.892666720939707	0.3520743678010224	0.1262929040335313	1.150598735391193	0.3520743678010224	123143	15	1.1715662140030279	0.48581927031936156	1	1	0.48581927031936156	1.1715662140030279	0	0.19576270039922544	0.06295760238966729	0.18391459686706596	0.5573651003440464	1.0	-2565.223218980664	1.4900229636811693E-7
23500000	-49940.99933128857	-47367.94153762241	-2573.0577936661607	-47367.94153762241	2.0653338558432755E8	9.566935691164478E8	0.1295078319991011	3.8520667780919675	0.3431695819666554	0.1295078319991011	1.2025783939765284	0.3431695819666554	123143	15	1.1186688744640165	0.4945030448094022	1	1	0.4945030448094022	1.1186688744640165	0	0.19882780215284301	0.05945738513601895	0.18465344105118947	0.5570613716599534	1.0	-2563.923730470971	1.8050137311432315E-7
24000000	-49927.47889689358	-47353.150351684024	-2574.328545209559	-47353.150351684024	2.0590263244490063E8	9.712344787083986E8	0.15562924054033805	3.6990669821720803	0.3499482068873293	0.15562924054033805	1.2897781229725946	0.3499482068873293	123143	15	0.9392695037225132	0.4709885136584585	1	1	0.4709885136584585	0.9392695037225132	0	0.1973785385070995	0.05971547511462062	0.18658649144081335	0.5563194949374711	1.0	-2565.4913984351115	1.685618798997753E-7
24500000	-49958.82060315939	-47386.69846826215	-2572.1221348972376	-47386.69846826215	2.012336862438057E8	9.57003101124482E8	0.1357035988050604	3.7078946952790113	0.3662647424103571	0.1357035988050604	1.2881686222901647	0.3662647424103571	123143	15	1.151392504461799	0.49432089464913065	1	1	0.49432089464913065	1.151392504461799	0	0.1998997887097645	0.05937382508353146	0.18909672806559555	0.551629658141113	1.0	-2562.9389476127712	1.6316039319740824E-7
25000000	-49943.99519388144	-47374.988826304885	-2569.0063675765555	-47374.988826304885	1.9647145996722004E8	9.349414218013649E8	0.12648961799985767	3.788497290647833	0.3756180923710172	0.12648961799985767	1.207287288610424	0.3756180923710172	123143	15	1.3616926969427163	0.5198160080119918	1	1	0.5198160080119918	1.3616926969427163	0	0.19507182193984393	0.06267237721088932	0.19073374608496355	0.5515220547643077	1.0	-2559.464123520087	1.5799811130178295E-7
25500000	-49944.64401960761	-47369.4115785421	-2575.232441065505	-47369.4115785421	2.104780622748561E8	9.669743214079113E8	0.16600578885694106	3.8986031388781583	0.32721473743254603	0.16600578885694106	1.1149558085428788	0.32721473743254603	123143	15	1.3041105275158758	0.5165881707507924	1	1	0.5165881707507924	1.3041105275158758	0	0.19856755156639852	0.059442966305901096	0.18533746266702836	0.5566520194606773	1.0	-2565.777975237417	1.804886702940125E-7
26000000	-49945.86828796704	-47370.61631768029	-2575.251970286753	-47370.61631768029	2.155342118888753E8	9.823075986226158E8	0.12660831004602782	3.95891168250905	0.34001652063167426	0.12660831004602782	1.1078386561355607	0.34001652063167426	123143	15	0.6934220513841338	0.42394949894702644	1	1	0.42394949894702644	0.6934220513841338	0	0.19423133443151522	0.06299973787709953	0.18651594172980246	0.5562529859615879	1.0	-2566.944536873835	1.5742353295918685E-7
26500000	-49949.354504772804	-47374.61542246167	-2574.739082311134	-47374.61542246167	2.0563439905005482E8	9.706864198917385E8	0.19498530674171574	3.738483477292212	0.33365744180758733	0.13507753756421148	1.2641387947867049	0.33365744180758733	123453	28	1.2289467798962117	0.5014556160027734	1	1	0.5014556160027734	1.2289467798962117	0	0.19532990829504238	0.056339168136716286	0.1863783941778091	0.5619525293904376	1.0	-2565.2738071392846	1.5145514315854002E-7
27000000	-49944.81486458187	-47375.06217420686	-2569.752690375008	-47375.06217420686	2.0202121880274203E8	9.407842483628659E8	0.11505997195180137	3.867520927247089	0.3593737773436726	0.11505997195180137	1.1836115741619797	0.3593737773436726	123143	15	1.1350818019693822	0.5026919351670639	1	1	0.5026919351670639	1.1350818019693822	0	0.19718062679737974	0.06485863108190809	0.18816588609927942	0.5497948560214381	1.0	-2560.5540776709618	1.5432556090695454E-7
27500000	-49952.91135107128	-47372.61716086878	-2580.2941902025	-47372.61716086878	2.1704807924430668E8	1.0058922052441387E9	0.12863677295637985	3.8866665953164374	0.35006061270441363	0.12863677295637985	1.1559386333619932	0.35006061270441363	123143	15	0.9705084088379415	0.47139523624506174	1	1	0.47139523624506174	0.9705084088379415	0	0.19500856887219697	0.06407893313236451	0.1916177740684239	0.5492947239270206	1.0	-2571.443810879792	1.3759870188458614E-7
28000000	-49963.85197249567	-47391.5433753983	-2572.308597097367	-47391.5433753983	2.0527442386458617E8	9.598933446244196E8	0.1232544377674725	3.853739356199315	0.3660087218959179	0.1232544377674725	1.1677343244739156	0.3660087218959179	123143	15	0.9911513927085011	0.4764555658683022	1	1	0.4764555658683022	0.9911513927085011	0	0.19723273768839747	0.05996782606917683	0.192894424766635	0.549905011475796	1.0	-2563.4039537959093	1.627150581316761E-7
28500000	-49926.80193049171	-47353.48018542545	-2573.321745066267	-47353.48018542545	2.0173684491746908E8	9.656157371986762E8	0.12053631650848742	3.924285810510888	0.3483592954269848	0.12053631650848742	1.1379229656181706	0.3483592954269848	123143	15	1.0030647234486034	0.46333153279305045	1	1	0.46333153279305045	1.0030647234486034	0	0.19635785720520366	0.06016412553005364	0.18872776307907999	0.554750254185668	1.0	-2564.48919607056	1.5178725504620494E-7
29000000	-49942.32510322402	-47371.77608486917	-2570.5490183548513	-47371.77608486917	2.0071638493983802E8	9.481362588997575E8	0.09638867570751342	3.8822813664170046	0.37415348143440974	0.09638867570751342	1.1888417129040778	0.36194608782949	123145	16	0.9106718791583778	0.45203217093353587	1	1	0.45203217093353587	0.9106718791583778	0	0.1977282847901311	0.05844635489084044	0.18828807925432015	0.5555372810647142	1.0	-2561.5010390775747	1.6431771696110492E-7
29500000	-49957.06605284517	-47379.30057120096	-2577.765481644205	-47379.30057120096	2.1138110911381227E8	9.936480573973848E8	0.1505263423967256	3.651808842166948	0.3669077992283702	0.1505263423967256	1.3133228745828578	0.3669077992283702	123143	15	0.7091672563569311	0.40893238199377696	1	1	0.40893238199377696	0.7091672563569311	0	0.20011457209265954	0.05866574895227146	0.18945192510716832	0.5517677538479071	1.0	-2569.4851181746913	1.399588378597924E-7
30000000	-49927.16515717774	-47356.51614869283	-2570.6490084849133	-47356.51614869283	2.0274957773461512E8	9.472075638613359E8	0.12193843039592603	3.7616257615398574	0.36046143845000106	0.12193843039592603	1.2735745007682895	0.36046143845000106	123143	15	1.1997388937084152	0.5085898552151699	1	1	0.5085898552151699	1.1997388937084152	0	0.2036938482405947	0.060623202635059104	0.18954746110569656	0.5461354880186567	1.0	-2561.3397686802637	1.6247660681778086E-7
30500000	-49955.241859504546	-47380.67588205023	-2574.565977454317	-47380.67588205023	2.044236020590725E8	9.646477334884489E8	0.12365375030847738	3.7650105263192626	0.38150346051132383	0.12365375030847738	1.257519714317383	0.34865879823507223	123145	16	1.2320878614397086	0.5011128741877129	1	1	0.5011128741877129	1.2320878614397086	0	0.19892530005366096	0.059588404295358624	0.18862095438039417	0.552865341270594	1.0	-2564.9036671528397	1.7596943684843854E-7
31000000	-49948.941246019785	-47377.676876498546	-2571.264369521242	-47377.676876498546	2.0220796310716933E8	9.518414022992785E8	0.10595400818352607	3.8062267465535293	0.357864432177844	0.10595400818352607	1.266136372723726	0.357864432177844	123143	15	1.1763864059812952	0.48964703657315045	1	1	0.48964703657315045	1.1763864059812952	0	0.1970334652756597	0.05890598888280607	0.1888789269705285	0.5551816188710135	1.0	-2562.099256156707	1.6344362678540292E-7
31500000	-49959.87649202874	-47387.4695958617	-2572.406896167045	-47387.4695958617	2.0485427658802456E8	9.621864409449333E8	0.12287958952430639	3.9020065481346524	0.35254743389322474	0.12287958952430639	1.1471394050302817	0.35254743389322474	123143	15	0.8049288005895199	0.41686817190970876	1	1	0.41686817190970876	0.8049288005895199	0	0.1952729379720104	0.06277671406341147	0.1840247700654508	0.5579255778991348	1.0	-2564.0184790944445	1.5088834524855536E-7
32000000	-49955.0181587853	-47384.2733841318	-2570.7447746535017	-47384.2733841318	2.0118496186312512E8	9.465948819578762E8	0.13528441752812	3.854040387204767	0.36501159472248934	0.13528441752812	1.1453675882940098	0.36501159472248934	123143	15	1.336700580187397	0.5164214778188541	1	1	0.5164214778188541	1.336700580187397	0	0.195536896511145	0.06381300630207738	0.18687196849005838	0.553778128696727	1.0	-2561.253991093968	1.6488399415168236E-7
32500000	-49944.88653054831	-47368.891807130945	-2575.9947234173665	-47368.891807130945	2.1116324121182162E8	9.817112624623111E8	0.17031235858627283	3.7657725074961057	0.3255171228928506	0.17031235858627283	1.242568529545643	0.3255171228928506	123143	15	0.8363591225375564	0.46366860880077065	1	1	0.46366860880077065	0.8363591225375564	0	0.1987665205152784	0.05827760506924625	0.18303531528937286	0.5599205591261105	1.0	-2567.309015018546	1.4506315760089435E-7
33000000	-49942.858731407934	-47373.360158099604	-2569.4985733083267	-47373.360158099604	1.995100958398057E8	9.423666630752634E8	0.14567470833417528	3.878318792012324	0.3407974825418465	0.12936512066831718	1.1650464139014878	0.3407974825418465	123453	28	0.9364901180801829	0.4650513441993777	1	1	0.4650513441993777	0.9364901180801829	0	0.19014429442315298	0.0592543883093244	0.18519022358321224	0.5654110936843183	1.0	-2560.5799293208715	1.602533602388394E-7
33500000	-49933.802447896516	-47360.73203793939	-2573.0704099571235	-47360.73203793939	2.043577455650963E8	9.555974379975201E8	0.15057556371283998	3.7537055986477856	0.34608062493781433	0.15057556371283998	1.2529820240509004	0.34608062493781433	123143	15	1.2513188903852825	0.4994689923670489	1	1	0.4994689923670489	1.2513188903852825	0	0.19925698499173022	0.05671690957317197	0.1914523546900925	0.5525737507450132	1.0	-2563.7613560166965	1.8084506069448894E-7
34000000	-49926.1301542491	-47350.32581370775	-2575.8043405413478	-47350.32581370775	2.076476826649191E8	9.677157666125484E8	0.13814898173073012	3.747454071351465	0.3751555932497674	0.13814898173073012	1.2259367786875428	0.3751555932497674	123143	15	1.3066522472050222	0.5009872278955354	1	1	0.5009872278955354	1.3066522472050222	0	0.20337983466736567	0.058675197288060026	0.18899036192311036	0.5489546061214722	1.0	-2566.427054292194	1.3609972129452524E-7
34500000	-49950.24312579351	-47364.69327843894	-2585.5498473545695	-47364.69327843894	2.2569281791296494E8	1.0469305010124341E9	0.16194383294006165	3.9018229146811167	0.3181314972657966	0.16194383294006165	1.1380264249071694	0.3181314972657966	123143	15	0.9484371031624544	0.4613109532260041	1	1	0.4613109532260041	0.9484371031624544	0	0.19283625109800304	0.05876112817709583	0.18983815836375187	0.558564462361158	1.0	-2576.779058910797	1.4970827532369748E-7
35000000	-49955.57373583413	-47380.09058450317	-2575.4831513309646	-47380.09058450317	2.109643159880331E8	9.740000445390819E8	0.17023460580425145	3.859304584134251	0.3425479353475693	0.17023460580425145	1.1151303335621092	0.3425479353475693	123143	15	0.7554915202802848	0.4245059624748122	1	1	0.4245059624748122	0.7554915202802848	0	0.19348712256852643	0.06033644091930559	0.18958368151345178	0.5565927549987243	1.0	-2567.0931917558837	1.3734091214039877E-7
35500000	-49955.04262356255	-47379.32502012154	-2575.717603441004	-47379.32502012154	2.071826990632409E8	9.78254906502672E8	0.18984590766479476	3.7529733998993757	0.3581910596910576	0.18984590766479476	1.1681727851690842	0.3409709399109042	123145	16	0.8105562589282473	0.4466302149131124	1	1	0.4466302149131124	0.8105562589282473	0	0.19863462014954042	0.05937442865812242	0.1836971795748303	0.5582937716175146	1.0	-2566.7920414047867	1.7025635132593893E-7
36000000	-49957.163394966345	-47392.5171336796	-2564.6462612867476	-47392.5171336796	1.943813002831781E8	9.087653352171631E8	0.14908571357565728	3.7079296112621503	0.35968168816750734	0.14908571357565728	1.2745355852515377	0.35968168816750734	123143	15	1.4555367993468933	0.519287217314051	1	1	0.519287217314051	1.4555367993468933	0	0.20125669648734462	0.05827690864001286	0.19038944402183394	0.5500769508508159	1.0	-2555.0057407324916	1.7365617042569918E-7
36500000	-49958.768878354516	-47385.750867047165	-2573.0180113073525	-47385.750867047165	2.048662982017597E8	9.582446065059415E8	0.09038710534037044	3.8785969863442817	0.33977534765482964	0.2108958509992625	1.1405693620064505	0.33977534765482964	123453	28	0.898274770043903	0.47211336805149234	1	1	0.47211336805149234	0.898274770043903	0	0.20072547946253144	0.06026602839422188	0.18719318351046907	0.5518153086327858	1.0	-2564.081981612943	1.79310902044348E-7
37000000	-49940.897991328755	-47360.52917343165	-2580.3688178971042	-47360.52917343165	2.144424848057139E8	1.0114915820448543E9	0.16029092311679316	3.6995171590929097	0.3342673102307459	0.16029092311679316	1.3113663742120343	0.3342673102307459	123143	15	0.9440335039513879	0.4703947604350024	1	1	0.4703947604350024	0.9440335039513879	0	0.19527656330823087	0.05996764928191146	0.19029521489226223	0.5544605725176034	1.0	-2571.532378541891	1.5722725960273856E-7
37500000	-49933.78178473194	-47365.02839317554	-2568.7533915563963	-47365.02839317554	2.0300823176874486E8	9.323219332055757E8	0.08859380758670997	3.7860789340318806	0.37909733670876106	0.08859380758670997	1.278538777377197	0.37909733670876106	123143	15	1.3575069697501028	0.507562029908952	1	1	0.507562029908952	1.3575069697501028	0	0.19728561688177096	0.06224757513182172	0.19109663440064792	0.5493701735857672	1.0	-2559.2975128893654	1.5359849973769508E-7
38000000	-49946.435957275804	-47376.50956898561	-2569.926388290197	-47376.50956898561	2.051979915335206E8	9.45742551104791E8	0.12354198561161507	3.897811537085086	0.3531915863422567	0.12354198561161507	1.1487213190071848	0.3531915863422567	123143	15	0.9906815992736097	0.4629730377734709	1	1	0.4629730377734709	0.9906815992736097	0	0.19681127742308738	0.06076309661188151	0.1840324631367532	0.5583931628282861	1.0	-2561.1045233174946	1.638801434606794E-7
38500000	-49959.91701797963	-47385.716026800554	-2574.200991179072	-47385.716026800554	2.0195111355024755E8	9.722870056904956E8	0.1417525489815906	3.8856287090544157	0.34769130753527805	0.1417525489815906	1.1354835779118615	0.34769130753527805	123143	15	0.9589252924409724	0.4665083116797812	1	1	0.4665083116797812	0.9589252924409724	0	0.1995603855951755	0.05787484640728029	0.1881202397347149	0.554444528262838	1.0	-2565.387365415016	1.5565712652666548E-7
39000000	-49948.404861290415	-47378.84222234848	-2569.5626389419335	-47378.84222234848	1.9651414443554074E8	9.382006835592995E8	0.12628388494805187	3.7669827389254897	0.3808576006497991	0.12628388494805187	1.218734289878821	0.3808576006497991	123143	15	1.351437308378959	0.4953266578681822	1	1	0.4953266578681822	1.351437308378959	0	0.19774767128388102	0.06122279026995037	0.18452529271152543	0.5565042457346513	1.0	-2560.177173771251	1.5396720203173288E-7
39500000	-49944.07644177003	-47370.79777304495	-2573.278668725076	-47370.79777304495	2.04760087717564E8	9.655575143200139E8	0.15373351539953176	3.794704737301278	0.3385705556842013	0.15373351539953176	1.2206871205312728	0.3385705556842013	123143	15	0.8917892456876524	0.46571818784033275	1	1	0.46571818784033275	0.8917892456876524	0	0.1962271343058069	0.06164403589562496	0.19219515438178195	0.5499336754167938	1.0	-2564.5290647784072	1.6845708657942512E-7
40000000	-49953.51066260278	-47378.27371129363	-2575.2369513091458	-47378.27371129363	2.086162894644706E8	9.79554537223866E8	0.12426699676723484	3.910758920392199	0.349927103317745	0.12426699676723484	1.1408528794378643	0.349927103317745	123143	15	0.7571521333430147	0.4304182800114632	1	1	0.4304182800114632	0.7571521333430147	0	0.19576497444240257	0.06111438729205524	0.18976542203035074	0.5533552162351998	1.0	-2566.8267016930126	1.6749690592888717E-7
40500000	-49929.017096765165	-47358.13965707193	-2570.8774396932363	-47358.13965707193	2.026130958715374E8	9.51976347535129E8	0.13265005818162362	3.774150518040287	0.35832364752249246	0.13265005818162362	1.2439020705515027	0.35832364752249246	123143	15	0.8368997433027973	0.4491309316041945	1	1	0.4491309316041945	0.8368997433027973	0	0.1978884193695399	0.060042020208483274	0.1813105107579326	0.5607590496640521	1.0	-2562.2730581112937	1.6925396330891947E-7
41000000	-49971.941555973164	-47402.204542809035	-2569.7370131641287	-47402.204542809035	2.0095908655576247E8	9.459292930536301E8	0.17333761598872244	3.741369507534568	0.3405363607182401	0.17333761598872244	1.2308825390515274	0.3405363607182401	123143	15	0.8799603068475997	0.43958082569273565	1	1	0.43958082569273565	0.8799603068475997	0	0.1995425685733713	0.057352317744858224	0.18369986370314767	0.5594052499786304	1.0	-2561.133988012192	1.6367821774469814E-7
41500000	-49940.65954309696	-47367.84953255651	-2572.81001054045	-47367.84953255651	2.031794249965032E8	9.589449321919852E8	0.12446482469886302	3.9131633961725605	0.3588348141293365	0.12446482469886302	1.1202373261710543	0.3588348141293365	123143	15	0.9536817444271372	0.4802068472362165	1	1	0.4802068472362165	0.9536817444271372	0	0.19919688882356268	0.06231111763477807	0.18701038059843172	0.5514816129432365	1.0	-2563.926950289192	1.4586019353901285E-7
42000000	-49939.368866659934	-47368.13150473549	-2571.237361924443	-47368.13150473549	2.0488965183530894E8	9.50683075587834E8	0.1530964922124006	3.79318760503005	0.3469188829281904	0.1530964922124006	1.2067816446887807	0.3469188829281904	123143	15	1.0520997691862177	0.48157244243980013	1	1	0.48157244243980013	1.0520997691862177	0	0.19579807011152695	0.059160770672810316	0.18481887486734686	0.5602222843483244	1.0	-2562.235396617695	1.5158916392140742E-7
42500000	-49947.161915856115	-47376.28845718941	-2570.8734586667038	-47376.28845718941	2.0205715794586036E8	9.475402110462437E8	0.16398592063837253	3.789878090575096	0.35108114829400033	0.16398592063837253	1.1799877715601768	0.35108114829400033	123143	15	0.8826137489959381	0.46586742541176174	1	1	0.46586742541176174	0.8826137489959381	0	0.19384282066839478	0.06173872441233915	0.18448274592284475	0.5599357089964302	1.0	-2562.1271404287145	1.471768857801631E-7
43000000	-49935.947602082975	-47363.688598298446	-2572.259003784526	-47363.688598298446	1.982967235597657E8	9.531534456795033E8	0.11984516252528435	3.7523809923922715	0.35288630519009806	0.11984516252528435	1.3021560721769858	0.35288630519009806	123143	15	1.1263206902408247	0.4803580817262026	1	1	0.4803580817262026	1.1263206902408247	0	0.199970414658598	0.06132277319102088	0.18704888827754632	0.5516579238728441	1.0	-2563.1918211007296	1.7955056594973543E-7
43500000	-49954.37875673335	-47381.230732741446	-2573.148023991906	-47381.230732741446	2.0538256442887706E8	9.634922872216619E8	0.09820431753141201	3.940206621568902	0.351013310057396	0.09820431753141201	1.1613581232535046	0.351013310057396	123143	15	1.189627048200173	0.4920538737921764	1	1	0.4920538737921764	1.189627048200173	0	0.19810699971045215	0.06148936059323089	0.18239301687141507	0.5580106228249112	1.0	-2563.969412317497	1.6106795435120002E-7
44000000	-49944.226103197136	-47373.567815200295	-2570.6582879968414	-47373.567815200295	2.0225450413893268E8	9.468428662983752E8	0.1296664505061707	3.7778882894546277	0.35247182675938993	0.1296664505061707	1.2578351560142698	0.35247182675938993	123143	15	1.0095732955680772	0.4741305550821482	1	1	0.4741305550821482	1.0095732955680772	0	0.19978570117500952	0.058655171775750366	0.18907319793622912	0.5524859291130204	1.0	-2561.743932086231	1.7559316622444276E-7
44500000	-49981.898283751565	-47405.15138351968	-2576.746900231884	-47405.15138351968	2.087868700501986E8	9.869751980954804E8	0.09969449591932675	3.9878477984518503	0.3445259652282181	0.09969449591932675	1.1237112792530763	0.3445259652282181	123143	15	1.1130305810549987	0.4879835652699793	1	1	0.4879835652699793	1.1130305810549987	0	0.19552586082128195	0.06135991551886555	0.18727432829143004	0.555839895368432	1.0	-2567.6735765234193	1.557069900529198E-7
45000000	-49939.373408265594	-47369.46698731337	-2569.9064209522253	-47369.46698731337	2.0007122139783034E8	9.39512563693409E8	0.11425487173640937	3.8621573130367524	0.3734990451059581	0.11425487173640937	1.162334853278526	0.3734990451059581	123143	15	1.2739641365082903	0.5042432121812902	1	1	0.5042432121812902	1.2739641365082903	0	0.1994706886652646	0.06097878835124469	0.18952510158324562	0.5500254214002543	1.0	-2560.5563154140973	1.7709630233507072E-7
45500000	-49934.755542252744	-47361.69017451592	-2573.0653677368227	-47361.69017451592	2.065873051499877E8	9.630055325668479E8	0.13512020942756203	3.873907775986629	0.32326257394562824	0.13512020942756203	1.2093266572670054	0.32326257394562824	123143	15	1.0847253624342466	0.491500766994699	1	1	0.491500766994699	1.0847253624342466	0	0.196063325631501	0.0580678700290746	0.18514306779485862	0.5607257365445745	1.0	-2563.9876970021865	1.542034746056519E-7
46000000	-49951.326780206786	-47372.95994681086	-2578.3668333959276	-47372.95994681086	2.1012423519135508E8	9.887028440602245E8	0.14503444425800838	3.7962459516799645	0.34658270428081317	0.14503444425800838	1.2205197512424062	0.34658270428081317	123143	15	0.9727940595408457	0.48091028011988435	1	1	0.48091028011988435	0.9727940595408457	0	0.20558666589054073	0.05939140978826164	0.18588442781091133	0.5491374965102959	1.0	-2569.449945500686	1.7858080297151796E-7
46500000	-49952.29442939275	-47377.219440140274	-2575.074989252477	-47377.219440140274	2.0360096638035777E8	9.74362922130999E8	0.12676325139368844	3.810840242390207	0.36419155903274786	0.12676325139368844	1.2072501367569375	0.36419155903274786	123143	15	1.1677560868761425	0.4933544679381809	1	1	0.4933544679381809	1.1677560868761425	0	0.19777592911099912	0.06067595808362262	0.18752476896421788	0.5540233438411694	1.0	-2565.8916356470213	1.5015268502907372E-7
47000000	-49954.5443000265	-47379.47153601068	-2575.0727640158193	-47379.47153601068	2.096886272493013E8	9.746791860866348E8	0.12707058240071514	3.858380626286351	0.3471895121372658	0.12707058240071514	1.1930991846377113	0.3471895121372658	123143	15	0.9587713025742162	0.4581722722857295	1	1	0.4581722722857295	0.9587713025742162	0	0.19579479263611654	0.058325649677091945	0.18022058964614082	0.5656589680406594	1.0	-2566.3069931371338	1.719163681912802E-7
47500000	-49951.32525595871	-47381.02083832861	-2570.3044176301078	-47381.02083832861	2.0446837548919752E8	9.448361385942501E8	0.15759968940136174	3.870266036674839	0.3505259638662244	0.15759968940136174	1.1134826567900198	0.3505259638662244	123143	15	1.2587306406610148	0.504502891731731	1	1	0.504502891731731	1.2587306406610148	0	0.20070596251669184	0.061257184377217576	0.18075344993913284	0.5572834031669668	1.0	-2560.964033497519	1.6111018217066355E-7
48000000	-49957.30909409117	-47383.25917795593	-2574.049916135243	-47383.25917795593	2.0364953711832744E8	9.612457747164149E8	0.13761583123945467	3.9639342229663335	0.34960582814811725	0.13761583123945467	1.061622458258551	0.34960582814811725	123143	15	0.7850766782005362	0.42561388935085437	1	1	0.42561388935085437	0.7850766782005362	0	0.20006627970693788	0.06325523037322446	0.1889268437974277	0.5477516461224197	1.0	-2565.6375297577274	1.3557188646548352E-7
48500000	-49958.61833242044	-47385.76546642127	-2572.852865999172	-47385.76546642127	2.0505772138203096E8	9.545915645338423E8	0.20679910246753525	3.661640506331807	0.33717675564240224	0.2005690176191563	1.2566378622967245	0.33717675564240224	123453	28	1.3310400472367918	0.5052314805882427	1	1	0.5052314805882427	1.3310400472367918	0	0.19653081341493198	0.059143272961216325	0.18576609914989548	0.5585598144739655	1.0	-2563.20975568718	1.768952114466485E-7
49000000	-49978.30005442283	-47402.18924663499	-2576.110807787836	-47402.18924663499	2.0774231644585824E8	9.811882246191686E8	0.08903354186983692	3.8408633425788015	0.3492158225475549	0.11472738431535873	1.2569440861409218	0.3492158225475549	123453	28	1.1268202649035464	0.4757049174019762	1	1	0.4757049174019762	1.1268202649035464	0	0.20060182166708546	0.05798980808108399	0.18632553509561187	0.5550828351562276	1.0	-2566.9796283346072	1.4886046053238384E-7
49500000	-49960.67311274061	-47377.12098808672	-2583.552124653893	-47377.12098808672	2.232590731952231E8	1.0245106712589178E9	0.10712855731332926	4.019269069815719	0.3532069085443036	0.10712855731332926	1.0600599984690424	0.3532069085443036	123143	15	0.829292759859554	0.444185020299813	1	1	0.444185020299813	0.829292759859554	0	0.19740513311552316	0.06593375882159758	0.18381079359203806	0.5528503144708506	1.0	-2575.007123666654	1.7293100911037015E-7
50000000	-49947.448969890116	-47371.8619997622	-2575.586970127918	-47371.8619997622	2.06673975435749E8	9.694875596771381E8	0.1288250434626172	3.750546511020707	0.35538865065805986	0.1288250434626172	1.2810261007379606	0.35538865065805986	123143	15	1.2474791384860742	0.5074126358321205	1	1	0.5074126358321205	1.2474791384860742	0	0.19438989238218415	0.060475830041492915	0.19204903925226052	0.5530852383240715	1.0	-2566.2359005954117	1.8052575531219779E-7
50500000	-49937.908412655015	-47366.8426486053	-2571.065764049716	-47366.8426486053	2.0475970217772713E8	9.513252330988585E8	0.15174718292250558	3.73863734618458	0.327983331131763	0.15174718292250558	1.301901625706904	0.327983331131763	123143	15	1.081069368759555	0.47887175030031437	1	1	0.47887175030031437	1.081069368759555	0	0.1942182052540576	0.057917785953730434	0.18565621361304496	0.5622077951791765	1.0	-2562.049927815114	1.5812018632210358E-7
51000000	-49956.95361806954	-47377.98557228118	-2578.9680457883637	-47377.98557228118	2.1480578958454955E8	1.0036900019011147E9	0.14935287390088187	3.8186429059710956	0.333057455443606	0.14935287390088187	1.2165364353399506	0.333057455443606	123143	15	0.7660223103481412	0.4364705570692379	1	1	0.4364705570692379	0.7660223103481412	0	0.19314976374873874	0.05610053468445965	0.1852714855903678	0.5654782159764432	1.0	-2570.508004334446	1.623170411409614E-7
51500000	-49935.29214378422	-47362.946688284894	-2572.3454554993286	-47362.946688284894	2.005599998804984E8	9.578553154029672E8	0.13210004646330065	3.8462103424346297	0.3515027343738416	0.13210004646330065	1.186584095891107	0.3515027343738416	123143	15	1.2030413421480017	0.4882861206575018	1	1	0.4882861206575018	1.2030413421480017	0	0.19239137911310353	0.05982805146554789	0.18474661647343177	0.5630339529479258	1.0	-2563.160969042149	1.6663207742888292E-7
52000000	-49936.0367023266	-47360.867824783294	-2575.1688775433067	-47360.867824783294	2.083353561789197E8	9.766588088409015E8	0.15497829183013703	3.9295358697346057	0.32651483013017507	0.15497829183013703	1.1074778863447876	0.32651483013017507	123143	15	1.0811163212513342	0.48522310467501506	1	1	0.48522310467501506	1.0811163212513342	0	0.19327170885023787	0.06029044837847236	0.1872083863350348	0.5592294564362633	1.0	-2566.1308571124146	1.5278549253705585E-7
52500000	-49946.770098331464	-47377.1230001192	-2569.647098212261	-47377.1230001192	2.0016400588175362E8	9.409125290390097E8	0.12673949768105316	3.9317576122849287	0.34945527923774045	0.07074772679683695	1.1718446047617186	0.34945527923774045	123453	28	0.9834884587867542	0.4789321379601091	1	1	0.4789321379601091	0.9834884587867542	0	0.19640091454594807	0.05963462063945813	0.18226763013069244	0.5616968346839097	1.0	-2560.651947610941	1.5304839782117583E-7
53000000	-49919.41504616604	-47350.576915521444	-2568.8381306445963	-47350.576915521444	2.0041568794178262E8	9.361093521560253E8	0.1376236132565468	3.767004340582311	0.35502895137989504	0.1376236132565468	1.247690530144826	0.35502895137989504	123143	15	1.1465499344933814	0.4892466429436734	1	1	0.4892466429436734	1.1465499344933814	0	0.19665401547361025	0.06143364322979678	0.1910919510791401	0.5508203902174612	1.0	-2559.6963586363595	1.7240094775781981E-7
53500000	-49941.34403070951	-47366.014151260475	-2575.329879449032	-47366.014151260475	2.057103380278473E8	9.786003664875242E8	0.132823875037751	3.8729132824263606	0.3520180905885738	0.132823875037751	1.1574027863210088	0.3520180905885738	123143	15	0.9196294274920778	0.46486693839407484	1	1	0.46486693839407484	0.9196294274920778	0	0.19466117945107653	0.06069860986983556	0.1875311470747424	0.5571090636043545	1.0	-2566.5648361866574	1.4940761956547483E-7
54000000	-49930.58213003469	-47360.16197256246	-2570.4201574722265	-47360.16197256246	2.0310656599332556E8	9.503023623701576E8	0.1124491102295338	3.8497735087533247	0.3443579858525724	0.1124491102295338	1.236612299082478	0.3443579858525724	123143	15	0.8264644129639974	0.4472397763671576	1	1	0.4472397763671576	0.8264644129639974	0	0.19588821131051193	0.05851704715428018	0.18509671194807684	0.5604980295871402	1.0	-2561.849453447071	1.6047278687371142E-7
54500000	-49926.3849770811	-47354.777885544114	-2571.6070915369864	-47354.777885544114	2.035049620914386E8	9.548058140374111E8	0.11535664494644558	3.8960322087346855	0.3605059117484535	0.11535664494644558	1.1522426778755235	0.3605059117484535	123143	15	1.0465410677248517	0.4879162635888315	1	1	0.4879162635888315	1.0465410677248517	0	0.197784660437128	0.05838359909413044	0.18312569008723606	0.5607060503815139	1.0	-2562.5867430609987	1.6366828839730993E-7
55000000	-49950.06577614458	-47386.43890465154	-2563.626871493036	-47386.43890465154	1.8809198955003712E8	9.084799223621444E8	0.14926042019064817	3.7284951194732123	0.3742722663600284	0.14926042019064817	1.2244395074254446	0.3742722663600284	123143	15	0.7436446269654022	0.420459631534661	1	1	0.420459631534661	0.7436446269654022	0	0.19699113620125921	0.061022409010154946	0.18932684646538833	0.552659608323205	1.0	-2555.2578804401255	1.811485927746168E-7
55500000	-49943.843893592384	-47366.99133892879	-2576.8525546635915	-47366.99133892879	2.1225441957422265E8	9.917721270064515E8	0.16578506616959854	3.8459077185990678	0.33733430021966215	0.16578506616959854	1.1478535486224102	0.33733430021966215	123143	15	0.7753753098237735	0.42208687859349137	1	1	0.42208687859349137	0.7753753098237735	0	0.19584968829059407	0.05810774727198844	0.19013076381267013	0.5559118006247554	1.0	-2568.456515158795	1.5868812038060751E-7
56000000	-49974.338160703905	-47401.10714251695	-2573.231018186953	-47401.10714251695	2.0355531196952325E8	9.636747924463608E8	0.16813376984402742	3.8000174341383586	0.3456015781785057	0.16813376984402742	1.1725118698165735	0.3456015781785057	123143	15	1.1763070114450587	0.4933946608252816	1	1	0.4933946608252816	1.1763070114450587	0	0.19781062508458816	0.060846852004418146	0.1854571676126485	0.5558853552983528	1.0	-2564.033309002335	1.5622245876958274E-7
56500000	-49958.68003600348	-47380.960954677656	-2577.7190813258267	-47380.960954677656	2.113164294865864E8	9.853436512050954E8	0.15647654559806257	3.931029564093545	0.3473688529871077	0.15647654559806257	1.0612796387361159	0.3473688529871077	123143	15	0.9539836769855513	0.4586762530042006	1	1	0.4586762530042006	0.9539836769855513	0	0.20069299697698703	0.06274593155454576	0.18990939854717354	0.5466516729213021	1.0	-2568.953765778907	1.7941055600222632E-7
57000000	-49959.48727414329	-47377.56152058349	-2581.925753559804	-47377.56152058349	2.1476596615528047E8	1.0005086053963289E9	0.23148938180504902	3.8049567316791135	0.34342606691366306	0.10776725874785104	1.1689344939406567	0.34342606691366306	123453	28	1.2904002809636765	0.4856613950200758	1	1	0.4856613950200758	1.2904002809636765	0	0.19769364679444984	0.06462613082383518	0.1885513857131094	0.549128836668614	1.0	-2572.490282649556	1.2677686708135028E-7
57500000	-49955.27724979556	-47382.5581884073	-2572.719061388253	-47382.5581884073	2.066659170562259E8	9.58951968254724E8	0.11697095927005935	3.864393713793353	0.3685287662392091	0.11697095927005935	1.1733261581550396	0.35980944327227565	123145	16	1.012645444030638	0.4658019630371991	1	1	0.4658019630371991	1.012645444030638	0	0.19639615772048413	0.06104170634289161	0.18979278874222977	0.5527693471944032	1.0	-2563.4917309496977	1.5153909692466124E-7
58000000	-49958.43384752963	-47384.999993538426	-2573.433853991209	-47384.999993538426	2.043748997493661E8	9.612124878231345E8	0.1382313453929354	3.878951517113336	0.36075756227036315	0.1382313453929354	1.1230706675600666	0.36075756227036315	123143	15	0.7509716192265231	0.4174344797888914	1	1	0.4174344797888914	0.7509716192265231	0	0.19654261802726	0.06256815142240209	0.18850237257156738	0.5523868579787794	1.0	-2565.0895559062446	1.8354246897363027E-7
58500000	-49936.43104597401	-47361.81303756384	-2574.6180084101643	-47361.81303756384	2.0790427770451942E8	9.697958645929323E8	0.13615457269161924	3.895764430917311	0.3614896471213573	0.13615457269161924	1.1089471294567321	0.3614896471213573	123143	15	0.9204614916900005	0.4546806927422132	1	1	0.4546806927422132	0.9204614916900005	0	0.19833422315436358	0.0625766180065804	0.18902011361109883	0.5500690452279662	1.0	-2565.907484298694	1.4190528183168824E-7
59000000	-49959.047556224694	-47383.21292744926	-2575.8346287754343	-47383.21292744926	2.0704328465520078E8	9.791591292821311E8	0.14236606335522953	3.9048413664706008	0.33739031242258444	0.14236606335522953	1.1356458819737671	0.33739031242258444	123143	15	1.2971135599823265	0.5069854947162548	1	1	0.5069854947162548	1.2971135599823265	0	0.19957730866872156	0.06389575165439017	0.184987954697941	0.5515389849789561	1.0	-2566.44965646835	1.5779437556978583E-7
59500000	-49940.0566316954	-47367.63308825038	-2572.4235434450197	-47367.63308825038	2.0756634751237357E8	9.592156064701144E8	0.13985226953336924	3.832190746600337	0.34443670527604897	0.15606346504270815	1.1830201082714877	0.34443670527604897	123453	28	1.0272624308334648	0.46886123815991865	1	1	0.46886123815991865	1.0272624308334648	0	0.19816998207634984	0.059327493109125426	0.1914121819076209	0.5510903429069133	1.0	-2563.375727231326	1.5494674902917002E-7
60000000	-49957.66177926668	-47378.17219308897	-2579.4895861777077	-47378.17219308897	2.0756961715267825E8	9.855764133303634E8	0.12942620274711145	3.8728725052105095	0.34912919140826876	0.12942620274711145	1.1700167064787288	0.34912919140826876	123143	15	0.9859644103092927	0.4596335112108907	1	1	0.4596335112108907	0.9859644103092927	0	0.1989165961828804	0.06254002225419095	0.1858463089774304	0.5526970725855079	1.0	-2570.6887500031107	1.2638075906041105E-7
60500000	-49941.51053777855	-47365.52455515022	-2575.9859826283296	-47365.52455515022	2.095619475211262E8	9.855093365310913E8	0.18351485172961904	3.82744570053271	0.34750804541545655	0.18351485172961904	1.1105085051771333	0.34750804541545655	123143	15	0.8530058270222103	0.43358965915072345	1	1	0.43358965915072345	0.8530058270222103	0	0.19970835405585577	0.0603685058646304	0.18580036276866052	0.5541227773108633	1.0	-2567.4444442520225	1.5643766886412433E-7
61000000	-49938.61669652512	-47363.63603810606	-2574.980658419062	-47363.63603810606	2.1108037199097118E8	9.757829237910879E8	0.14515726064389306	3.897921254051953	0.34658191429989244	0.14515726064389306	1.1186003960604718	0.34658191429989244	123143	15	0.9972656275703154	0.4650767830205577	1	1	0.4650767830205577	0.9972656275703154	0	0.19692032537581194	0.06498763572240902	0.18789874436864287	0.5501932945331459	1.0	-2566.137091420218	1.664125431158915E-7
61500000	-49941.132399353664	-47366.71221569989	-2574.4201836537763	-47366.71221569989	2.032332717951124E8	9.711955712327374E8	0.11418357909885736	3.8676451478115093	0.3507146084142887	0.11418357909885736	1.2025584771622004	0.3507146084142887	123143	15	1.2076053692303428	0.49179537803879875	1	1	0.49179537803879875	1.2076053692303428	0	0.1973778182347975	0.05939104001768597	0.1842761342491185	0.5589550074984081	1.0	-2565.2160558697706	1.6143256481917617E-7
62000000	-49973.47402979815	-47404.12509281937	-2569.348936978777	-47404.12509281937	1.9746881244778532E8	9.393427870150687E8	0.16207377910760712	3.832917332663185	0.34477229135069243	0.16207377910760712	1.1533905264202207	0.34477229135069243	123143	15	1.1069503238620144	0.4930821307445274	1	1	0.4930821307445274	1.1069503238620144	0	0.19408265256749482	0.05898459388719453	0.1858880074965966	0.5610447460487238	1.0	-2560.2263388110628	1.7178332677098597E-7
62500000	-49938.894680408324	-47361.92784449256	-2576.966835915765	-47361.92784449256	2.1137625052399427E8	9.923464048924031E8	0.1618577184662038	3.718833209697863	0.3434555506084491	0.1618577184662038	1.2705402521528308	0.3434555506084491	123143	15	0.7878285411586764	0.4269569622245401	1	1	0.4269569622245401	0.7878285411586764	0	0.19869426473615237	0.05840087442338136	0.18934159963918318	0.5535632612012934	1.0	-2568.522642374088	1.531350672334856E-7
63000000	-49943.316539476116	-47373.15174862592	-2570.1647908502014	-47373.15174862592	1.9939374923035264E8	9.456343022995477E8	0.13333852609261498	3.7919053753131777	0.37329122527582337	0.13333852609261498	1.2484605158270041	0.3196658313987521	123145	16	0.912954434962045	0.43744828650708373	1	1	0.43744828650708373	0.912954434962045	0	0.2006915309936107	0.06054695848221504	0.18499160455193053	0.5537699059722537	1.0	-2561.2044722470687	1.6938770238797482E-7
63500000	-49962.550310930535	-47393.20414198836	-2569.346168942173	-47393.20414198836	2.0119727823375696E8	9.432761388988199E8	0.1369272837909913	3.9047951075310436	0.34856961730907954	0.1369272837909913	1.1242110902687945	0.34856961730907954	123143	15	0.8149491422372125	0.44646932799788197	1	1	0.44646932799788197	0.8149491422372125	0	0.19599647392558753	0.06126735912319943	0.18350517084612689	0.559230996105096	1.0	-2560.789405119237	1.6891196577498668E-7
64000000	-49942.19452060764	-47373.794382365915	-2568.4001382417264	-47373.794382365915	1.9611884433345932E8	9.330914779123747E8	0.14307420398085116	3.9035723426392135	0.3651940878426244	0.14307420398085116	1.07989107371382	0.3651940878426244	123143	15	1.0783180374139683	0.4785642913691977	1	1	0.4785642913691977	1.0783180374139683	0	0.19857693034922455	0.06258414917112089	0.18945630703647504	0.549382613443189	1.0	-2559.3954022373773	1.7671655258845726E-7
64500000	-49962.60987653498	-47391.84572138495	-2570.7641551500333	-47391.84572138495	2.0257054013962922E8	9.482781019150639E8	0.14125751913965517	3.8364675644705852	0.3635723696601869	0.14125751913965517	1.1538726579297172	0.3635723696601869	123143	15	1.1246939326154937	0.48302887333261946	1	1	0.48302887333261946	1.1246939326154937	0	0.19533436060724463	0.05846033247909785	0.18602386986975655	0.5601814370439099	1.0	-2561.683425260732	1.5489369746729182E-7
65000000	-49928.748671418805	-47358.408790209694	-2570.339881209112	-47358.408790209694	1.9887847049434695E8	9.42722294971482E8	0.12289017120114598	3.8765877414267296	0.3759817475835999	0.12289017120114598	1.1543197546138944	0.3473304139734754	123145	16	0.9699360776971198	0.4647817054104285	1	1	0.4647817054104285	0.9699360776971198	0	0.19698486991987602	0.06208444735391284	0.1913310420029541	0.5495996407232665	1.0	-2561.16369275552	1.7761961830298177E-7
65500000	-49934.06983934815	-47354.747852042594	-2579.321987305556	-47354.747852042594	2.0882103032365516E8	9.897352323010901E8	0.15064934462237795	3.7870971277305703	0.3490230291017459	0.15064934462237795	1.2135581248211764	0.3490230291017459	123143	15	1.468008573198632	0.5151843858960585	1	1	0.5151843858960585	1.468008573198632	0	0.19956411703943147	0.05712538414061749	0.18780548057883156	0.5555050182411292	1.0	-2569.702610501992	1.3423671441511045E-7
66000000	-49946.39191239593	-47378.91510271418	-2567.476809681747	-47378.91510271418	1.9701359979293936E8	9.262125601974747E8	0.14832578489418943	3.8587570454628115	0.3579054749607327	0.14832578489418943	1.1287804348273387	0.3579054749607327	123143	15	1.0378752422611304	0.4903396692942647	1	1	0.4903396692942647	1.0378752422611304	0	0.19570615944621284	0.06402655625256978	0.18710730273038595	0.5531599815708416	1.0	-2558.441462406197	1.8076739925890357E-7
66500000	-49923.78494321731	-47350.869808202224	-2572.915135015083	-47350.869808202224	2.049971276107339E8	9.614863886441289E8	0.11803901958460288	3.7960417452130195	0.35364439840984957	0.11803901958460288	1.260591418798058	0.35364439840984957	123143	15	1.1947089353562697	0.4889392576472711	1	1	0.4889392576472711	1.1947089353562697	0	0.19427202262504156	0.06169684901979265	0.18680597904985738	0.5572251493053187	1.0	-2563.733482971732	1.6569388524850147E-7
67000000	-49968.0874519739	-47395.95933117412	-2572.1281207997813	-47395.95933117412	2.014420785827241E8	9.513983975555376E8	0.1341740788606073	3.8732685526525197	0.3502812742559776	0.14734146172537313	1.1446533582495215	0.3502812742559776	123453	28	1.4045623974871058	0.5074256667658011	1	1	0.5074256667658011	1.4045623974871058	0	0.19594949052054203	0.060521298418101804	0.18521585937111015	0.5583133516902569	1.0	-2562.4874516658365	1.7481437245238258E-7
67500000	-49931.2381295875	-47357.88543435004	-2573.352695237461	-47357.88543435004	2.0703764554160568E8	9.652868720470605E8	0.14131471470749368	3.8058791916844363	0.32711394216304895	0.14131471470749368	1.2572634945744596	0.32711394216304895	123143	15	1.0079183196541046	0.4922751772653463	1	1	0.4922751772653463	1.0079183196541046	0	0.19907231494224975	0.05893408291089874	0.1910951360296119	0.55089846611725	1.0	-2564.3396397877773	1.5419891553911786E-7
68000000	-49940.70903543324	-47373.7414666759	-2566.967568757342	-47373.7414666759	1.9791759889047813E8	9.326357838786752E8	0.11292057754086969	3.96231010983263	0.34212872096683056	0.11292057754086969	1.1275912931519518	0.34212872096683056	123143	15	0.6131273686877541	0.37461623719022974	1	1	0.37461623719022974	0.6131273686877541	0	0.19505307183384202	0.06166360370421383	0.1828045177779144	0.5604788066840398	1.0	-2558.989830769358	1.6149977284562134E-7
68500000	-49957.48218859641	-47372.89941333053	-2584.5827752658774	-47372.89941333053	2.2414115108652738E8	1.0323213162899555E9	0.12287847479456182	3.984560895094351	0.3289625571718376	0.10136146541520966	1.133274050352184	0.3289625571718376	123453	28	1.0341184956860416	0.48411600649061115	1	1	0.48411600649061115	1.0341184956860416	0	0.19685802404458266	0.0599995838056004	0.18724555895574568	0.5558968331940815	1.0	-2575.4992776283693	1.6597244558478546E-7
69000000	-49944.39798897035	-47373.31007953628	-2571.0879094340726	-47373.31007953628	2.0201127916569853E8	9.506527085478952E8	0.13780611942749596	3.7850276991205356	0.36212987474658537	0.13780611942749596	1.2209269987882936	0.3563031884895787	123145	16	0.972111283979843	0.46344297708718707	1	1	0.46344297708718707	0.972111283979843	0	0.19095039726531463	0.06229119391859475	0.18937277333838032	0.5573856354777208	1.0	-2561.9097972125264	1.6006938069739137E-7
69500000	-49957.34963568827	-47376.080855905144	-2581.2687797831263	-47376.080855905144	2.1039887482770532E8	9.977256862514713E8	0.1401331430449263	3.729781232633485	0.37303894001266064	0.14408337717096625	1.2399243671252886	0.37303894001266064	123453	28	1.1918397946824593	0.48946238045287804	1	1	0.48946238045287804	1.1918397946824593	0	0.20034999519372154	0.05900193385873398	0.18451271859967214	0.5561353523478827	1.0	-2571.9309398347614	1.844117477274164E-7
70000000	-49950.43103862315	-47378.52359986026	-2571.9074387628903	-47378.52359986026	2.0327901769884947E8	9.522931167916588E8	0.15056488891768235	3.715596227058714	0.3512142063941704	0.15056488891768235	1.2808455823175668	0.3512142063941704	123143	15	1.1822173947695096	0.48455392844354955	1	1	0.48455392844354955	1.1822173947695096	0	0.2000555436860132	0.0585743427842529	0.18682476778829876	0.5545453457414464	1.0	-2562.7514843622516	1.4800165061548088E-7
70500000	-49936.875669253735	-47363.75104038327	-2573.1246288704624	-47363.75104038327	2.051327841516159E8	9.636433147562447E8	0.14926596374680298	3.828830295794754	0.3487999115404509	0.14926596374680298	1.1750379536307298	0.3487999115404509	123143	15	1.1341028934132196	0.4865135084921282	1	1	0.4865135084921282	1.1341028934132196	0	0.20019634252613577	0.05966241903960691	0.19015993843045764	0.5499813000038093	1.0	-2564.0150806771903	1.568866426332581E-7
71000000	-49941.37441775429	-47363.002910776806	-2578.3715069774858	-47363.002910776806	2.1401218936565766E8	9.9457883365424E8	0.13704591360347151	3.780837145392752	0.33888043244609106	0.13704591360347151	1.2673101625081111	0.33888043244609106	123143	15	1.1529911693997492	0.5090070924545622	1	1	0.5090070924545622	1.1529911693997492	0	0.196116435471872	0.05996101907770106	0.1853398793103931	0.5585826661400439	1.0	-2569.1093090035424	1.6390723758093302E-7
71500000	-49941.03891983529	-47367.29588417493	-2573.743035660365	-47367.29588417493	2.0798993421539438E8	9.680279067194299E8	0.1287212354709655	3.8345168584749376	0.34576306801038964	0.1287212354709655	1.2165145345623356	0.34576306801038964	123143	15	1.0214440371172193	0.49694624185630015	1	1	0.49694624185630015	1.0214440371172193	0	0.19263671142226102	0.060535041692567584	0.19018766293924955	0.5566405839459313	1.0	-2564.68988336268	1.598518167138496E-7
72000000	-49948.1867236986	-47377.33376125659	-2570.8529624420094	-47377.33376125659	2.0008889392160782E8	9.432342155552101E8	0.12217108018789408	3.9440312772963253	0.37587867711115874	0.12217108018789408	1.059869208105552	0.37587867711115874	123143	15	1.0623366980621949	0.46643326025211534	1	1	0.46643326025211534	1.0623366980621949	0	0.19262771571766776	0.06161781408974734	0.1864673913733291	0.559287078819265	1.0	-2561.938233157184	1.8492553344206678E-7
72500000	-49946.02100296001	-47382.400807810314	-2563.620195149697	-47382.400807810314	1.9109336869292825E8	9.049070294227723E8	0.17486291686004102	3.790115509887781	0.3462428449093658	0.17486291686004102	1.1676729665733896	0.3462428449093658	123143	15	1.2644622771710115	0.49599861457259714	1	1	0.49599861457259714	1.2644622771710115	0	0.19563927010014093	0.058181608416225404	0.18911232445718895	0.5570667970264542	1.0	-2554.316571424787	1.6802528340726055E-7
73000000	-49967.23350049829	-47395.85027788988	-2571.3832226084132	-47395.85027788988	2.039003494534061E8	9.426106218352053E8	0.11543435234160848	3.7705268902962294	0.352961642703669	0.11543435234160848	1.2926811196131984	0.352961642703669	123143	15	1.2388018360188435	0.5045540302643056	1	1	0.5045540302643056	1.2388018360188435	0	0.20169226435847193	0.05932337535958058	0.18436664451959406	0.5546177157623625	1.0	-2562.0628683079676	1.4181356023567532E-7
73500000	-49939.448490843904	-47362.48878663226	-2576.9597042116475	-47362.48878663226	2.107754198639115E8	9.745660703787984E8	0.10903789733695816	3.861707127479968	0.36745015925906105	0.10903789733695816	1.2125970248541273	0.34016989373291107	123145	16	0.9729313464415782	0.4522910510505495	1	1	0.4522910510505495	0.9729313464415782	0	0.19733295813933086	0.06008268456785649	0.18702372944116308	0.5555606278516592	1.0	-2567.8609566498094	1.3313957773237125E-7
74000000	-49949.98918066928	-47380.918145541866	-2569.0710351274147	-47380.918145541866	1.9872700636482185E8	9.393077454784154E8	0.1567767746791304	3.824508535149282	0.3517574928561007	0.1567767746791304	1.1584229297802346	0.3517574928561007	123143	15	1.0121468831648543	0.48724445054896104	1	1	0.48724445054896104	1.0121468831648543	0	0.1968826256145233	0.06079905114196338	0.1906975241542141	0.5516207990893095	1.0	-2560.0766095713	1.6701885009345702E-7
74500000	-49941.24648863711	-47368.74738773031	-2572.4991009067967	-47368.74738773031	2.0393721695088324E8	9.500559332519177E8	0.1109851042072199	3.8001044276171325	0.34850677712099143	0.13639703176355278	1.2554998821700882	0.34850677712099143	123453	28	0.8936839447156696	0.46159911711469553	1	1	0.46159911711469553	0.8936839447156696	0	0.2025909277625708	0.05854539408222405	0.18571402527296832	0.5531496528822473	1.0	-2563.6513661811764	1.8852986930284428E-7
75000000	-49940.84874691349	-47364.35198814514	-2576.4967587683504	-47364.35198814514	2.0968186202007937E8	9.723355154370979E8	0.11714290483550642	3.8109652773717646	0.35068571610651117	0.11714290483550642	1.2533774807441695	0.35068571610651117	123143	15	1.3650221754479273	0.5127682371433432	1	1	0.5127682371433432	1.3650221754479273	0	0.19856195772036825	0.06324112532701674	0.18671636083103238	0.5514805561215929	1.0	-2567.0035416169853	1.825691576498746E-7
75500000	-49957.59856055446	-47386.19125168729	-2571.4073088671753	-47386.19125168729	2.01846890588665E8	9.555922100701569E8	0.16620012295055375	3.672137629554069	0.35724505379918287	0.16620012295055375	1.2809720169464318	0.35724505379918287	123143	15	0.8815045145817264	0.45220431714564036	1	1	0.45220431714564036	0.8815045145817264	0	0.19785231761419975	0.061297085019025685	0.1910428556008715	0.5498077417659128	1.0	-2562.7270334120612	1.643635982894811E-7
76000000	-49935.30355393668	-47362.99120804444	-2572.3123458922414	-47362.99120804444	2.021023400555606E8	9.51802213539734E8	0.13559729544248644	3.7378744503803683	0.372972534488076	0.13559729544248644	1.2449858897584898	0.372972534488076	123143	15	1.197620120241491	0.49612736089814063	1	1	0.49612736089814063	1.197620120241491	0	0.1976377661084814	0.06230225252251456	0.18768884980684158	0.5523711315621728	1.0	-2563.0733484141547	1.8082849469138088E-7
76500000	-49957.951405979795	-47387.781568476734	-2570.1698375030583	-47387.781568476734	2.0035924921889743E8	9.364880434904842E8	0.1521662077191347	3.8791228875134753	0.3411766726487926	0.1521662077191347	1.134191351750656	0.3411766726487926	123143	15	1.3312143557308764	0.5197632111543417	1	1	0.5197632111543417	1.3312143557308764	0	0.19891360611578981	0.05924910738563301	0.18941408802645845	0.5524231984721298	1.0	-2560.667091174551	1.4572907481149578E-7
77000000	-49963.52681910987	-47392.3358379018	-2571.1909812080735	-47392.3358379018	1.9796662145748702E8	9.484120958264745E8	0.17668207148252454	3.804782692413843	0.37476736617611206	0.1012451629560567	1.1853305439706812	0.35719216300077317	123456	30	0.839920706590941	0.44570175215530383	1	1	0.44570175215530383	0.839920706590941	0	0.20274942736088394	0.05865448477983799	0.18934089405774635	0.5492551938015433	1.0	-2562.0968366113657	1.76638754630934E-7
77500000	-49955.100201004076	-47382.9944805312	-2572.10572047288	-47382.9944805312	1.9926662093440872E8	9.571772607891332E8	0.11796905186463838	3.800549791095473	0.37004808883708634	0.1258596789584964	1.2155253004072084	0.37004808883708634	123453	28	1.071037854361835	0.48140735231765497	1	1	0.48140735231765497	1.071037854361835	0	0.19857155280902963	0.06152940785572732	0.1889199432790434	0.5509790960562112	1.0	-2562.966073038904	1.5873746378678573E-7
78000000	-49941.347077325845	-47363.79759746094	-2577.5494798649	-47363.79759746094	2.1126250318708646E8	9.87382830670321E8	0.13834076681718233	3.798132118423968	0.3429915445571282	0.13834076681718233	1.2392032588274025	0.3429915445571282	123143	15	0.8550534147368388	0.452790665672335	1	1	0.452790665672335	0.8550534147368388	0	0.19704665731368348	0.06257980472154315	0.18701148558076844	0.553362052384016	1.0	-2568.9107980750578	1.7602682291343976E-7
78500000	-49952.386303330684	-47373.90560549335	-2578.4806978373304	-47373.90560549335	2.1291258868128726E8	9.977446258314936E8	0.12578224798498386	3.9578409874214353	0.3240629641313877	0.12578224798498386	1.142468588345819	0.3240629641313877	123143	15	0.9119176206918143	0.4694257467462906	1	1	0.4694257467462906	0.9119176206918143	0	0.19175564651618238	0.05793792317342655	0.1863034695597884	0.5640029607506147	1.0	-2569.711776218985	1.4393246285097202E-7
79000000	-49920.14154510723	-47350.622349118385	-2569.5191959888502	-47350.622349118385	1.9874544309819105E8	9.414009996310244E8	0.11667468355955025	3.7580453932593767	0.34891374068603176	0.11667468355955025	1.3107777582494593	0.34891374068603176	123143	15	0.940007125450312	0.45542573513836876	1	1	0.45542573513836876	0.940007125450312	0	0.20218175561678292	0.05596454808518799	0.18919538499552013	0.5526583113025206	1.0	-2560.780737877708	1.7547393855636617E-7
79500000	-49937.68774446388	-47364.514286534344	-2573.1734579295403	-47364.514286534344	2.0200356767569745E8	9.615946853349129E8	0.14344348916342184	3.7969665430328794	0.36688589589357673	0.14344348916342184	1.1823746868531266	0.36688589589357673	123143	15	1.063192555664937	0.4773766903253692	1	1	0.4773766903253692	1.063192555664937	0	0.20135550089702534	0.05975300842273029	0.18783528447200665	0.5510562062082495	1.0	-2564.1827391944084	1.4732999406014923E-7
80000000	-49965.8288579182	-47388.192151350355	-2577.6367065678405	-47388.192151350355	2.1172292274174985E8	9.92990367623637E8	0.1496391356306156	3.8502307060437815	0.3399838075512532	0.1496391356306156	1.1705234075924822	0.3399838075512532	123143	15	1.0680394911966278	0.4840510625995656	1	1	0.4840510625995656	1.0680394911966278	0	0.19669826889289715	0.05916589008280403	0.19067992740152218	0.553455913622788	1.0	-2568.6109897606198	1.5588598791805097E-7
80500000	-49945.166465626266	-47364.25818439838	-2580.908281227884	-47364.25818439838	2.2092498756625783E8	1.0132868722066569E9	0.13358784796537754	3.8951270014643176	0.3265899549973519	0.13358784796537754	1.1845173926102224	0.3265899549973519	123143	15	0.9720199151656403	0.47133329696572307	1	1	0.47133329696572307	0.9720199151656403	0	0.19964396238306997	0.058308845735228924	0.185744317844881	0.5563028740368312	1.0	-2572.0613398599753	1.6224863893879425E-7
81000000	-49924.39817816483	-47350.87330614845	-2573.524872016379	-47350.87330614845	2.0695769089152592E8	9.605672824665273E8	0.13456759100304097	3.7700867233174344	0.3575967486208093	0.13456759100304097	1.2659670310902607	0.3372143149654094	123145	16	0.9994068181769336	0.4684193386624291	1	1	0.4684193386624291	0.9994068181769336	0	0.19293507779872893	0.058160618316031365	0.18482429390394337	0.564080009981308	1.0	-2564.3050701657053	1.7731528909712846E-7
81500000	-49942.3572485667	-47366.71448614545	-2575.64276242125	-47366.71448614545	2.092375388760882E8	9.796716683936543E8	0.1404796889644156	3.7800277933460555	0.3432362376896991	0.1404796889644156	1.2525403533457151	0.3432362376896991	123143	15	1.12769061532817	0.4773817835820512	1	1	0.4773817835820512	1.12769061532817	0	0.19656955238946663	0.0591999292342165	0.1915902513453787	0.5526402670309503	1.0	-2566.59155290718	1.6170334395915594E-7
82000000	-49944.83019348601	-47370.13514423437	-2574.6950492516353	-47370.13514423437	2.0571603740239045E8	9.710858865541158E8	0.1259187903644652	3.9172565910140533	0.34302849944713865	0.1259187903644652	1.1448488293627348	0.34302849944713865	123143	15	1.061852984325453	0.4854892192881532	1	1	0.4854892192881532	1.061852984325453	0	0.1954786890041346	0.06306148183979891	0.185168437721553	0.5562913914345254	1.0	-2565.676683352289	1.4611254469167733E-7
82500000	-49944.118673455276	-47370.33739282906	-2573.781280626218	-47370.33739282906	2.0520549408981365E8	9.673122803754445E8	0.1917956962788891	3.7047592457264047	0.337847455527109	0.1917956962788891	1.2359544506615907	0.337847455527109	123143	15	1.0847334873173236	0.4918921974527455	1	1	0.4918921974527455	1.0847334873173236	0	0.1987940413061833	0.058570480366013776	0.18761674970326692	0.555018728624548	1.0	-2564.673519424662	1.5355500241681658E-7
83000000	-49947.71494272472	-47382.57761770277	-2565.1373250219503	-47382.57761770277	1.9136264864187798E8	9.094378125743113E8	0.1064849640712488	3.9073387198754532	0.3778621853987485	0.1064849640712488	1.123966981184551	0.3778621853987485	123143	15	0.9392888953743267	0.4435167068924846	1	1	0.4435167068924846	0.9392888953743267	0	0.19525557440051086	0.06679742127043214	0.18687114307490046	0.5510758612541689	1.0	-2556.4726232984613	1.932008098168698E-7
83500000	-49933.69621644684	-47355.64971744635	-2578.046499000494	-47355.64971744635	2.1308781803119713E8	9.92792183273334E8	0.1297451474424263	3.8630876224314723	0.3372752706519872	0.1297451474424263	1.2028715413796942	0.3372752706519872	123143	15	1.1879907964687513	0.5090630541911975	1	1	0.5090630541911975	1.1879907964687513	0	0.19726324964704364	0.058390688690521934	0.18717737452912928	0.5571686871333181	1.0	-2568.757478433526	1.47753443992273E-7
84000000	-49942.91591267582	-47377.144333273696	-2565.7715794021196	-47377.144333273696	1.9579218503858632E8	9.140059655022308E8	0.15840094197865567	3.749132300906337	0.3590263607574325	0.12454306676668361	1.2498709688334453	0.3590263607574325	123453	28	1.4877892564509227	0.528727171944448	1	1	0.528727171944448	1.4877892564509227	0	0.19769323701944988	0.05839246216131795	0.18550594951137095	0.5584083513078747	1.0	-2555.9027660280503	1.639098502091801E-7
84500000	-49931.960283442546	-47356.96907771992	-2574.991205722621	-47356.96907771992	2.1303730684622386E8	9.74312160276724E8	0.16729796334727381	3.86433878772936	0.3416861436695758	0.16729796334727381	1.1176929982369255	0.3416861436695758	123143	15	1.114891187042613	0.49678691711556083	1	1	0.49678691711556083	1.114891187042613	0	0.19766955432086283	0.061273798526114746	0.1900395010641349	0.551017146088901	1.0	-2565.8404147539572	1.6527710566711533E-7
85000000	-49960.37183480143	-47389.53582581807	-2570.8360089833614	-47389.53582581807	1.98598210412796E8	9.37825152400158E8	0.1414849723119805	3.8069651291799973	0.3566223714628252	0.1414849723119805	1.196820183270373	0.3566223714628252	123143	15	1.1195123886512666	0.4802723896618538	1	1	0.4802723896618538	1.1195123886512666	0	0.19630015886964416	0.05759431058685026	0.1891435444535016	0.556961986090018	1.0	-2561.7756088322176	1.3933205810201105E-7
85500000	-49960.35565652526	-47379.72982094315	-2580.625835582114	-47379.72982094315	2.199142126949945E8	1.0143759824958988E9	0.1425232622180994	3.927854761120168	0.3597092220813864	0.1425232622180994	1.1236794627580107	0.30371002960421484	123145	16	0.69797686205633	0.42650620833754144	1	1	0.42650620833754144	0.69797686205633	0	0.19666979167034374	0.05953288814826593	0.18659227014850854	0.5572050500328958	1.0	-2571.9648297908207	1.4714545910157035E-7
86000000	-49953.92885933358	-47374.38315751909	-2579.5457018144903	-47374.38315751909	2.092269811432622E8	9.922082568908111E8	0.15626976116000252	3.7731425220989188	0.3407960491933569	0.15626976116000252	1.2327258571943325	0.3407960491933569	123143	15	1.4289523487526072	0.5254454328364336	1	1	0.5254454328364336	1.4289523487526072	0	0.19877057737930548	0.05906712328664698	0.18296751181538257	0.5591947875186789	1.0	-2569.9006208509177	1.3512239812025197E-7
86500000	-49948.35517986193	-47382.63161553339	-2565.723564328536	-47382.63161553339	1.8861585637166363E8	9.168987733807856E8	0.11937202228756198	3.9072831900100797	0.3823153876306477	0.11937202228756198	1.089341990153472	0.3823153876306477	123143	15	0.8260263738605906	0.44062349196670114	1	1	0.44062349196670114	0.8260263738605906	0	0.19777708265516772	0.06087536838075995	0.18084721580545712	0.5605003331586298	1.0	-2557.1836508889314	1.5090230202687995E-7
87000000	-49956.48542626139	-47376.77128381657	-2579.7141424448205	-47376.77128381657	2.1587978947379106E8	1.0072440620171117E9	0.11999400458673365	3.819382657720426	0.35534956298717246	0.11999400458673365	1.2299302071317368	0.35534956298717246	123143	15	0.9765232283540175	0.47398194317305775	1	1	0.47398194317305775	0.9765232283540175	0	0.20087270475210747	0.05888574745030098	0.1907297174745297	0.5495118303230764	1.0	-2570.8384250684862	1.5615745322246824E-7
87500000	-49941.91570950043	-47378.194815364404	-2563.7208941360204	-47378.194815364404	1.869159310390339E8	9.042029151351924E8	0.12915729042107038	3.8627929548863604	0.3652603376051862	0.12915729042107038	1.1483717890611	0.3652603376051862	123143	15	0.8841086594355922	0.4580821491693425	1	1	0.4580821491693425	0.8841086594355922	0	0.19213662461570732	0.06359258721094553	0.1865280351974289	0.557742752975933	1.0	-2555.0263333489866	1.8875335158927418E-7
88000000	-49937.54424459309	-47361.0009078325	-2576.543336760584	-47361.0009078325	2.0970351187943992E8	9.792338477667656E8	0.23540415314434987	3.77751078918775	0.3428186908405756	0.13238554805456748	1.1690621279321567	0.3428186908405756	123453	28	1.1578439643360248	0.5005541432069595	1	1	0.5005541432069595	1.1578439643360248	0	0.19732758649467172	0.05894267283767759	0.18809364673550277	0.5556360939321626	1.0	-2567.1330791572714	1.7242438902786692E-7
88500000	-49942.40894428667	-47374.38653797252	-2568.0224063141472	-47374.38653797252	1.9914020993442175E8	9.307192632275591E8	0.1380232505051009	3.871155506695266	0.3510505571042577	0.1380232505051009	1.150696878085991	0.3510505571042577	123143	15	1.006254719525563	0.4833549338581036	1	1	0.4833549338581036	1.006254719525563	0	0.19328224835505464	0.06214615077367534	0.1859461852074135	0.5586254156638711	1.0	-2559.0642094206473	1.7812011120847973E-7
89000000	-49934.950034209556	-47359.78262951541	-2575.167404694147	-47359.78262951541	2.1164632725636137E8	9.76194805258809E8	0.14631257362347	3.7648986685197325	0.33507381024238675	0.14631257362347	1.27232856374853	0.33507381024238675	123143	15	0.844950756154416	0.4546168717714939	1	1	0.4546168717714939	0.844950756154416	0	0.1944689712237436	0.05523377671204621	0.1879966771317648	0.5623005749324603	1.0	-2566.5260475866708	1.7139124744655463E-7
89500000	-49950.81242771606	-47375.35246214607	-2575.4599655699944	-47375.35246214607	2.0502707144078648E8	9.79982295291948E8	0.1288690677749957	3.8225155156750708	0.3493946149219594	0.1288690677749957	1.2209571189309936	0.3493946149219594	123143	15	1.0442765558531832	0.45697516680870215	1	1	0.45697516680870215	1.0442765558531832	0	0.19611789408386834	0.05952697405140422	0.18631133035147135	0.5580438015132709	1.0	-2566.611623448178	1.5389624737351348E-7
90000000	-49942.25795124635	-47368.65958402023	-2573.59836722612	-47368.65958402023	2.0631595472921598E8	9.666879151595606E8	0.14833116869456758	3.738190849740232	0.3497048472009607	0.14833116869456758	1.2657371184686885	0.3497048472009607	123143	15	1.1139290073854626	0.4732680311716171	1	1	0.4732680311716171	1.1139290073854626	0	0.19651270542949256	0.05874323984157496	0.19068089029683746	0.5540631644321093	1.0	-2564.5782410002494	1.535385678721742E-7
90500000	-49951.637894435684	-47379.27270392045	-2572.3651905152346	-47379.27270392045	2.0001210758355933E8	9.571266999538931E8	0.1326657615306965	3.7740101030264923	0.3551101055659655	0.1326657615306965	1.2504381627801546	0.3551101055659655	123143	15	0.9898364463067981	0.45790986947350154	1	1	0.45790986947350154	0.9898364463067981	0	0.20445510263959552	0.05830195885120054	0.18923013084430962	0.5480128076649092	1.0	-2563.560292963577	1.4693004819874177E-7
91000000	-49948.112377475445	-47371.865976038534	-2576.2464014369075	-47371.865976038534	2.0248394177117118E8	9.726945209930271E8	0.13111314010804737	3.904221200932939	0.37440618020131394	0.13111314010804737	1.1212608825280845	0.3378854561215375	123145	16	1.4234906073953648	0.5043111701915882	1	1	0.5043111701915882	1.4234906073953648	0	0.19337963172159353	0.060824758772203	0.18957194639308625	0.5562236631131319	1.0	-2566.3934036014293	1.4125685182494923E-7
91500000	-49942.03519408194	-47370.340213731404	-2571.6949803505327	-47370.340213731404	2.0459762657037735E8	9.558720990352117E8	0.15524633804431257	3.7252748590368547	0.3514236234967015	0.15524633804431257	1.2613852178810836	0.3514236234967015	123143	15	1.031563313655489	0.47138182438569604	1	1	0.47138182438569604	1.031563313655489	0	0.20268030262327028	0.058023147636050675	0.18367661230176321	0.5556199374389302	1.0	-2562.765228148925	1.5832969930131332E-7
92000000	-49932.44808833631	-47356.33615456891	-2576.1119337673986	-47356.33615456891	2.0895757416221178E8	9.725663852577143E8	0.1473583719170855	3.8576388633654104	0.3360620211322699	0.1473583719170855	1.1755203505358511	0.3360620211322699	123143	15	0.9034824752564269	0.4740488142175803	1	1	0.4740488142175803	0.9034824752564269	0	0.19060015814265677	0.06140950416410583	0.18380109502777936	0.5641892426654724	1.0	-2567.310258005603	1.3474492103669178E-7
92500000	-49940.21068337749	-47368.60747549425	-2571.603207883234	-47368.60747549425	2.036806899606922E8	9.556122894427603E8	0.14081605756893864	3.802650907207725	0.34465995261719623	0.14081605756893864	1.2263970724199806	0.34465995261719623	123143	15	0.9751241207264719	0.4783751452046489	1	1	0.4783751452046489	0.9751241207264719	0	0.193229939594218	0.05895553509247697	0.18756598015112416	0.5602485451621946	1.0	-2562.700350350652	1.609105911083668E-7
93000000	-49958.821712876954	-47386.421281059665	-2572.4004318172883	-47386.421281059665	2.03862793452156E8	9.567027647463531E8	0.11331576836043107	3.8279553572575105	0.35701284071748995	0.11331576836043107	1.2313874245866208	0.35701284071748995	123143	15	1.0028892522205817	0.47333866007288294	1	1	0.47333866007288294	1.0028892522205817	0	0.19910094841866038	0.061804129399653004	0.19038672089402495	0.5487082012876753	1.0	-2563.503714756388	1.7594635864620038E-7
93500000	-49951.6299848187	-47380.34784980301	-2571.2821350156905	-47380.34784980301	2.0275677861540076E8	9.551792290909282E8	0.142502257649955	3.806665454877665	0.33323205544692136	0.142502257649955	1.2418659189285586	0.33323205544692136	123143	15	0.8692811839776455	0.45216414810641126	1	1	0.45216414810641126	0.8692811839776455	0	0.1966829793961303	0.059303889871920396	0.18296572085975965	0.5610474098722035	1.0	-2562.63446124014	1.6005402934911075E-7
94000000	-49956.987484398625	-47377.628271222726	-2579.3592131759	-47377.628271222726	2.1342493554863566E8	9.981125197097032E8	0.11154641796837104	3.9441493159294336	0.33815900349615746	0.11154641796837104	1.156439841141485	0.33815900349615746	123143	15	0.6877781809417916	0.42680185509767615	1	1	0.42680185509767615	0.6877781809417916	0	0.1983912235429203	0.06020078089986569	0.1825248728571746	0.5588831227000535	1.0	-2571.0452210650733	1.7794669563391544E-7
94500000	-49931.14452164344	-47355.99077055923	-2575.15375108421	-47355.99077055923	2.11239010463087E8	9.79826429057671E8	0.14632234312240647	3.7738658837794343	0.3340479696902534	0.1547883240902868	1.256927509627341	0.3340479696902534	123453	28	0.7287284181318998	0.4356974454896437	1	1	0.4356974454896437	0.7287284181318998	0	0.19522851776789413	0.057749248348580466	0.19009302637678	0.5569292075067585	1.0	-2566.5804874364485	1.542597220960061E-7
95000000	-49952.193875723795	-47379.06748963574	-2573.1263860880604	-47379.06748963574	2.020054809027356E8	9.616369447518175E8	0.140027113125709	3.8377719025948167	0.3456778453323418	0.15044416056654475	1.1804011330482262	0.3456778453323418	123453	28	0.9677261479430075	0.46203463314647397	1	1	0.46203463314647397	0.9677261479430075	0	0.19797458992252534	0.06014968976824137	0.18507024252331492	0.5568054777859304	1.0	-2564.1798808913077	1.7355773245674135E-7
95500000	-49976.319815794894	-47403.872511713955	-2572.4473040809407	-47403.872511713955	2.0069010270565557E8	9.593732633217492E8	0.15098690206167198	3.7814164296209	0.3698544561351691	0.15098690206167198	1.1769008539853996	0.3698544561351691	123143	15	1.0145344071907803	0.4545631240470357	1	1	0.4545631240470357	1.0145344071907803	0	0.19646128236672983	0.0591288535205191	0.18710640242277446	0.5573034616899885	1.0	-2563.630047204332	1.7117666489144585E-7
96000000	-49949.314325339095	-47374.11334952716	-2575.2009758119384	-47374.11334952716	2.0703692453016582E8	9.755518803015659E8	0.1483409546790133	3.7528395244831536	0.35138182240959115	0.1483409546790133	1.2477149213396204	0.35138182240959115	123143	15	1.2482975895021313	0.5003679532007398	1	1	0.5003679532007398	1.2482975895021313	0	0.19665640447085758	0.061963065534140514	0.1874593124283726	0.5539212175666405	1.0	-2565.888880942235	1.5621230925140497E-7
96500000	-49946.125113019596	-47375.633726155276	-2570.49138686432	-47375.633726155276	1.997098222907168E8	9.490270889390911E8	0.1316670682819638	3.8393149933200625	0.3502533749894264	0.1316670682819638	1.1968441201371305	0.3502533749894264	123143	15	0.9837364198353791	0.46541571506864887	1	1	0.46541571506864887	0.9837364198353791	0	0.19705094364328513	0.06043089052295505	0.18608497504124247	0.5564331907925285	1.0	-2561.657185103004	1.5954959894700866E-7
97000000	-49955.71635617752	-47373.760984608074	-2581.9553715694487	-47373.760984608074	2.1913671082566202E8	1.0182572843427773E9	0.14210782573032904	3.7932793850628137	0.3275825348959841	0.14210782573032904	1.2673398936845344	0.3275825348959841	123143	15	1.076520827730102	0.4897024541481605	1	1	0.4897024541481605	1.076520827730102	0	0.19657657634449877	0.06144910814323922	0.18805076446931573	0.5539235510429575	1.0	-2572.8875781124534	1.4048146295771713E-7
97500000	-49954.211412022145	-47384.960021511746	-2569.251390510401	-47384.960021511746	1.9730011048297936E8	9.379129517282448E8	0.10303068683933583	3.909601104812537	0.3809417586292796	0.10303068683933583	1.1224540042502107	0.3809417586292796	123143	15	1.1523142118254295	0.4843649242365073	1	1	0.4843649242365073	1.1523142118254295	0	0.19765385419807835	0.06165066858911226	0.18824008212325066	0.5524553950895692	1.0	-2560.1451963396566	1.7507797219929473E-7
98000000	-49942.940099910775	-47366.47624085186	-2576.4638590589193	-47366.47624085186	2.156193628109011E8	9.825895447354048E8	0.13912143580954361	3.8437004841707845	0.34715369592838335	0.13912143580954361	1.1837492523533453	0.34715369592838335	123143	15	1.0688012427728464	0.5006218942848589	1	1	0.5006218942848589	1.0688012427728464	0	0.19851392473752774	0.057760286232524806	0.18892481873166247	0.5548009702982962	1.0	-2567.339652833416	1.6756944614457408E-7
98500000	-49939.082971083786	-47372.372841486846	-2566.7101295969383	-47372.372841486846	1.9601979036398032E8	9.261077058868881E8	0.1585896831276198	3.7433271327910638	0.3500054206827978	0.1585896831276198	1.2394826595880815	0.3500054206827978	123143	15	0.8679980085242678	0.46313703513185983	1	1	0.46313703513185983	0.8679980085242678	0	0.19611327504968903	0.0603168190862504	0.1897442345908113	0.5538256712732604	1.0	-2557.991441276242	1.5978305040662504E-7
99000000	-49951.01983905872	-47383.06033219688	-2567.95950686184	-47383.06033219688	1.9857149885103044E8	9.297703465714505E8	0.13647943658976433	3.813356413881125	0.36972941565743617	0.13647943658976433	1.1742258816244544	0.36972941565743617	123143	15	1.2519524155347408	0.4824451966548467	1	1	0.4824451966548467	1.2519524155347408	0	0.19577476899133775	0.062160873194061196	0.19204992385148453	0.5500144339631273	1.0	-2558.7528935399982	1.75720927215625E-7
99500000	-49933.38423941664	-47365.48023328011	-2567.9040061365304	-47365.48023328011	1.9406302895540667E8	9.301975805891825E8	0.11497142080570207	3.903798754733578	0.3684932997299554	0.11497142080570207	1.150493133055613	0.34727197086942846	123145	16	0.7908915708364113	0.4436069864729433	1	1	0.4436069864729433	0.7908915708364113	0	0.1973691255578669	0.062196974035417074	0.18492296465331484	0.5555109357534123	1.0	-2559.031625846647	1.5279359321330247E-7
100000000	-49948.66572201748	-47385.04355530371	-2563.6221667137734	-47385.04355530371	1.9018227292205846E8	9.04454178050448E8	0.1288623430705648	3.782341255541083	0.3693076329100206	0.1288623430705648	1.2213187924977202	0.3693076329100206	123143	15	1.2779241121243814	0.48728872969733183	1	1	0.48728872969733183	1.2779241121243814	0	0.1947968719240882	0.05888708676996203	0.19581449397035103	0.5505015473356103	1.0	-2554.3606346750826	1.6327324968829856E-7
